ORGANIZATION_BLOCK MAIN:OB1
TITLE=PROGRAM COMMENTS
BEGIN
Network 1 // Network Title
// Network Comment
LD     SM0.1
S      M0.0, 1
R      M0.1, 8
ATCH   INT0, 0
ENI
Network 2 
LD     I0.1
A      I0.2
A      M0.0
S      M0.1, 1
R      M0.0, 1
Network 3 
LD     I0.6
EU
A      I0.2
A      I0.1
A      M0.1
S      M0.2, 1
R      M0.1, 1
Network 4 
LD     I0.3
A      M0.2
S      M0.3, 1
R      M0.2, 1
Network 5 
LD     T37
A      M0.3
S      M0.4, 1
R      M0.3, 1
Network 6 
LD     I0.4
A      M0.4
S      M0.5, 1
R      M0.4, 1
Network 7 
LD     T38
S      M0.6, 1
R      M0.5, 1
Network 8 
LD     I0.2
A      M0.6
S      M0.7, 1
R      M0.6, 1
Network 9 
LD     I0.1
AN     I0.7
A      I0.6
A      M0.7
S      M0.2, 1
R      M0.7, 1
Network 10 
LD     I0.1
LDN    I0.6
O      I0.7
ALD
A      M0.7
S      M0.0, 1
R      M0.7, 1
Network 11 
LD     M1.0
A      I0.5
S      M0.0, 1
R      M1.0, 1
Network 12 
LD     M0.0
AN     I0.1
O      M0.7
=      Q0.0
Network 13 
LD     M0.6
AN     I0.2
O      M0.0
=      Q0.2
Network 14 
LD     M0.2
=      Q0.1
Network 15 
LD     M0.4
=      Q0.3
Network 16 
LD     M0.3
TON    T37, 30
Network 17 
LD     M0.5
TON    T38, 100
Network 18 
LD     M1.0
=      Q0.4
END_ORGANIZATION_BLOCK
SUBROUTINE_BLOCK SBR_0:SBR0
TITLE=SUBROUTINE COMMENTS
BEGIN
Network 1 // Network Title
// Network Comment
END_SUBROUTINE_BLOCK
INTERRUPT_BLOCK INT_0:INT0
TITLE=INTERRUPT ROUTINE COMMENTS
BEGIN
Network 1 // Network Title
// Network Comment
LD     SM0.0
S      M1.0, 1
R      M0.0, 8
END_INTERRUPT_BLOCK
