


ARM Macro Assembler    Page 1 


    1 00000000         ; ------------------------------------------------------
                       -------------------------
    2 00000000         ; Área de Código - Tudo abaixo da diretiva a seguir será
                        armazenado na memória de 
    3 00000000         ;                  código
    4 00000000                 AREA             |.text|, CODE, READONLY, ALIGN=
2
    5 00000000         
    6 00000000         ; Se alguma função do arquivo for chamada em outro arqui
                       vo 
    7 00000000                 EXPORT           dec7
    8 00000000         dec7
    9 00000000 4650            MOV              R0,R10
   10 00000002         ;PORTA A
   11 00000002 2800            CMP              R0,#0
   12 00000004 BF08 2170       LDREQ            R1, =2_01110000
   13 00000008 2801            CMP              R0,#1
   14 0000000A BF08 2130       LDREQ            R1, =2_00110000
   15 0000000E 2802            CMP              R0,#2
   16 00000010 BF08 2160       LDREQ            R1, =2_01100000
   17 00000014 2803            CMP              R0,#3
   18 00000016 BF08 2170       LDREQ            R1, =2_01110000
   19 0000001A 2804            CMP              R0,#4
   20 0000001C BF08 2130       LDREQ            R1, =2_00110000
   21 00000020 2805            CMP              R0,#5
   22 00000022 BF08 2150       LDREQ            R1, =2_01010000
   23 00000026 2806            CMP              R0,#6
   24 00000028 BF08 2150       LDREQ            R1, =2_01010000
   25 0000002C 2807            CMP              R0,#7
   26 0000002E BF08 2170       LDREQ            R1, =2_01110000
   27 00000032 2808            CMP              R0,#8
   28 00000034 BF08 2170       LDREQ            R1, =2_01110000
   29 00000038 2809            CMP              R0,#9
   30 0000003A BF08 2170       LDREQ            R1, =2_01110000
   31 0000003E         ;PORTA Q
   32 0000003E 2800            CMP              R0,#0
   33 00000040 BF08 200E       LDREQ            R0, =2_00001110
   34 00000044 2801            CMP              R0,#1
   35 00000046 BF08 2000       LDREQ            R0, =2_00000000
   36 0000004A 2802            CMP              R0,#2
   37 0000004C BF08 200D       LDREQ            R0, =2_00001101
   38 00000050 2803            CMP              R0,#3
   39 00000052 BF08 2009       LDREQ            R0, =2_00001001
   40 00000056 2804            CMP              R0,#4
   41 00000058 BF08 2003       LDREQ            R0, =2_00000011
   42 0000005C 2805            CMP              R0,#5
   43 0000005E BF08 200B       LDREQ            R0, =2_00001011
   44 00000062 2806            CMP              R0,#6
   45 00000064 BF08 200F       LDREQ            R0, =2_00001111
   46 00000068 2807            CMP              R0,#7
   47 0000006A BF08 2000       LDREQ            R0, =2_00000000
   48 0000006E 2808            CMP              R0,#8
   49 00000070 BF08 200F       LDREQ            R0, =2_00001111
   50 00000074 2809            CMP              R0,#9
   51 00000076 BF08 200B       LDREQ            R0, =2_00001011
   52 0000007A         
   53 0000007A         
   54 0000007A 4770            BX               LR
   55 0000007C         



ARM Macro Assembler    Page 2 


   56 0000007C         
   57 0000007C         
   58 0000007C         
   59 0000007C         
   60 0000007C         
   61 0000007C                 ALIGN                        ; garante que o fim
                                                             da seção está alin
                                                            hada 
   62 0000007C                 END                          ; fim do arquivo
Command Line: --debug --xref --diag_suppress=9931 --cpu=Cortex-M4.fp --apcs=int
erwork --depend=.\objects\decodificador7seg.d -o.\objects\decodificador7seg.o -
IE:\Documents\Jose_Micro\GPIO2\RTE -IC:\Keil_v5\ARM\PACK\Keil\TM4C_DFP\1.1.0\De
vice\Include\TM4C129 -IC:\Keil_v5\ARM\CMSIS\Include --predefine="__EVAL SETA 1"
 --predefine="__UVISION_VERSION SETA 518" --predefine="TM4C1294NCPDT SETA 1" --
list=.\listings\decodificador7seg.lst Decodificador7seg.s



ARM Macro Assembler    Page 1 Alphabetic symbol ordering
Relocatable symbols

.text 00000000

Symbol: .text
   Definitions
      At line 4 in file Decodificador7seg.s
   Uses
      None
Comment: .text unused
dec7 00000000

Symbol: dec7
   Definitions
      At line 8 in file Decodificador7seg.s
   Uses
      At line 7 in file Decodificador7seg.s
Comment: dec7 used once
2 symbols
336 symbols in table
