


ARM Macro Assembler    Page 1 


    1 00000000         ; ------------------------------------------------------
                       -------------------------
    2 00000000                 THUMB                        ; Instruções do tip
                                                            o Thumb-2
    3 00000000         ; ------------------------------------------------------
                       -------------------------
    4 00000000         ; Declarações EQU - Defines
    5 00000000         ; ========================
    6 00000000         ; ========================
    7 00000000         ; Definições dos Registradores Gerais
    8 00000000 400FE608 
                       SYSCTL_RCGCGPIO_R
                               EQU              0x400FE608
    9 00000000 400FEA08 
                       SYSCTL_PRGPIO_R
                               EQU              0x400FEA08
   10 00000000         ; ========================
   11 00000000         ; Definições dos Ports
   12 00000000         ; PORT J
   13 00000000 40060520 
                       GPIO_PORTJ_AHB_LOCK_R
                               EQU              0x40060520
   14 00000000 40060524 
                       GPIO_PORTJ_AHB_CR_R
                               EQU              0x40060524
   15 00000000 40060528 
                       GPIO_PORTJ_AHB_AMSEL_R
                               EQU              0x40060528
   16 00000000 4006052C 
                       GPIO_PORTJ_AHB_PCTL_R
                               EQU              0x4006052C
   17 00000000 40060400 
                       GPIO_PORTJ_AHB_DIR_R
                               EQU              0x40060400
   18 00000000 40060420 
                       GPIO_PORTJ_AHB_AFSEL_R
                               EQU              0x40060420
   19 00000000 4006051C 
                       GPIO_PORTJ_AHB_DEN_R
                               EQU              0x4006051C
   20 00000000 40060510 
                       GPIO_PORTJ_AHB_PUR_R
                               EQU              0x40060510
   21 00000000 400603FC 
                       GPIO_PORTJ_AHB_DATA_R
                               EQU              0x400603FC
   22 00000000 00000100 
                       GPIO_PORTJ
                               EQU              2_000000100000000
   23 00000000         ; PORT A
   24 00000000 40058520 
                       GPIO_PORTA_AHB_LOCK_R
                               EQU              0x40058520
   25 00000000 40058524 
                       GPIO_PORTA_AHB_CR_R
                               EQU              0x40058524
   26 00000000 40058528 
                       GPIO_PORTA_AHB_AMSEL_R
                               EQU              0x40058528



ARM Macro Assembler    Page 2 


   27 00000000 4005852C 
                       GPIO_PORTA_AHB_PCTL_R
                               EQU              0x4005852C
   28 00000000 40058400 
                       GPIO_PORTA_AHB_DIR_R
                               EQU              0x40058400
   29 00000000 40058420 
                       GPIO_PORTA_AHB_AFSEL_R
                               EQU              0x40058420
   30 00000000 4005851C 
                       GPIO_PORTA_AHB_DEN_R
                               EQU              0x4005851C
   31 00000000 40058510 
                       GPIO_PORTA_AHB_PUR_R
                               EQU              0x40058510
   32 00000000 400583FC 
                       GPIO_PORTA_AHB_DATA_R
                               EQU              0x400583FC
   33 00000000 00000001 
                       GPIO_PORTA
                               EQU              2_000000000000001
   34 00000000         ; PORT B
   35 00000000 40059520 
                       GPIO_PORTB_AHB_LOCK_R
                               EQU              0x40059520
   36 00000000 40059524 
                       GPIO_PORTB_AHB_CR_R
                               EQU              0x40059524
   37 00000000 40059528 
                       GPIO_PORTB_AHB_AMSEL_R
                               EQU              0x40059528
   38 00000000 4005952C 
                       GPIO_PORTB_AHB_PCTL_R
                               EQU              0x4005952C
   39 00000000 40059400 
                       GPIO_PORTB_AHB_DIR_R
                               EQU              0x40059400
   40 00000000 40059420 
                       GPIO_PORTB_AHB_AFSEL_R
                               EQU              0x40059420
   41 00000000 4005951C 
                       GPIO_PORTB_AHB_DEN_R
                               EQU              0x4005951C
   42 00000000 40059510 
                       GPIO_PORTB_AHB_PUR_R
                               EQU              0x40059510
   43 00000000 400593FC 
                       GPIO_PORTB_AHB_DATA_R
                               EQU              0x400593FC
   44 00000000 00000002 
                       GPIO_PORTB
                               EQU              2_000000000000010
   45 00000000         ; PORT Q
   46 00000000 40066520 
                       GPIO_PORTQ_AHB_LOCK_R
                               EQU              0x40066520
   47 00000000 40066524 
                       GPIO_PORTQ_AHB_CR_R
                               EQU              0x40066524



ARM Macro Assembler    Page 3 


   48 00000000 40066528 
                       GPIO_PORTQ_AHB_AMSEL_R
                               EQU              0x40066528
   49 00000000 4006652C 
                       GPIO_PORTQ_AHB_PCTL_R
                               EQU              0x4006652C
   50 00000000 40066400 
                       GPIO_PORTQ_AHB_DIR_R
                               EQU              0x40066400
   51 00000000 40066420 
                       GPIO_PORTQ_AHB_AFSEL_R
                               EQU              0x40066420
   52 00000000 4006651C 
                       GPIO_PORTQ_AHB_DEN_R
                               EQU              0x4006651C
   53 00000000 40066510 
                       GPIO_PORTQ_AHB_PUR_R
                               EQU              0x40066510
   54 00000000 400663FC 
                       GPIO_PORTQ_AHB_DATA_R
                               EQU              0x400663FC
   55 00000000 00004000 
                       GPIO_PORTQ
                               EQU              2_100000000000000
   56 00000000         ; PORT P
   57 00000000 40065520 
                       GPIO_PORTP_AHB_LOCK_R
                               EQU              0x40065520
   58 00000000 40065524 
                       GPIO_PORTP_AHB_CR_R
                               EQU              0x40065524
   59 00000000 40065528 
                       GPIO_PORTP_AHB_AMSEL_R
                               EQU              0x40065528
   60 00000000 4006552C 
                       GPIO_PORTP_AHB_PCTL_R
                               EQU              0x4006552C
   61 00000000 40065400 
                       GPIO_PORTP_AHB_DIR_R
                               EQU              0x40065400
   62 00000000 40065420 
                       GPIO_PORTP_AHB_AFSEL_R
                               EQU              0x40065420
   63 00000000 4006551C 
                       GPIO_PORTP_AHB_DEN_R
                               EQU              0x4006551C
   64 00000000 40065510 
                       GPIO_PORTP_AHB_PUR_R
                               EQU              0x40065510
   65 00000000 400653FC 
                       GPIO_PORTP_AHB_DATA_R
                               EQU              0x400653FC
   66 00000000 00002000 
                       GPIO_PORTP
                               EQU              2_010000000000000
   67 00000000         
   68 00000000         ; ------------------------------------------------------
                       -------------------------
   69 00000000         ; Área de Código - Tudo abaixo da diretiva a seguir será



ARM Macro Assembler    Page 4 


                        armazenado na memória de 
   70 00000000         ;                  código
   71 00000000                 AREA             |.text|, CODE, READONLY, ALIGN=
2
   72 00000000         
   73 00000000         ; Se alguma função do arquivo for chamada em outro arqui
                       vo 
   74 00000000                 EXPORT           GPIO_Init   ; Permite chamar GP
                                                            IO_Init de outro ar
                                                            quivo
   75 00000000                 EXPORT           PortA_Output ; Permite chamar P
                                                            ortA_Output de outr
                                                            o arquivo
   76 00000000                 EXPORT           PortQ_Output ; Permite chamar P
                                                            ortQ_Output de outr
                                                            o arquivo
   77 00000000                 EXPORT           PortB_Output ; Permite chamar P
                                                            ortB_Output de outr
                                                            o arquivo
   78 00000000                 EXPORT           PortP_Output ; Permite chamar P
                                                            ortP_Output de outr
                                                            o arquivo
   79 00000000                 EXPORT           PortJ_Input ; Permite chamar Po
                                                            rtJ_Input de outro 
                                                            arquivo
   80 00000000         
   81 00000000         
   82 00000000         ;-------------------------------------------------------
                       -------------------------
   83 00000000         GPIO_Init
   84 00000000         
   85 00000000 4832            LDR              R0, =SYSCTL_RCGCGPIO_R ;Carrega
                                                             o endereço do regi
                                                            strador RCGCGPIO
   86 00000002 F04F 0101       MOV              R1, #GPIO_PORTA
   87 00000006 F441 4180       ORR              R1, #GPIO_PORTQ
   88 0000000A F041 0102       ORR              R1, #GPIO_PORTB
   89 0000000E F441 5100       ORR              R1, #GPIO_PORTP
   90 00000012 F441 7180       ORR              R1, #GPIO_PORTJ
   91 00000016 6001            STR              R1, [R0]
   92 00000018 460A            MOV              R2, R1
   93 0000001A 482D            LDR              R0, =SYSCTL_PRGPIO_R
   94 0000001C 6801    EsperaGPIO
                               LDR              R1, [R0]    ;Lê da memória o co
                                                            nteúdo do endereço 
                                                            do registrador     
                                                                        
   95 0000001E 4211            TST              R1, R2
   96 00000020 D0FC            BEQ              EsperaGPIO
   97 00000022         
   98 00000022         
   99 00000022         ; 2. Limpar o AMSEL para desabilitar a analógica
  100 00000022 F04F 0100       MOV              R1, #0x00
  101 00000026 482B            LDR              R0, =GPIO_PORTA_AHB_AMSEL_R
  102 00000028 6001            STR              R1, [R0]
  103 0000002A 482B            LDR              R0, =GPIO_PORTQ_AHB_AMSEL_R
  104 0000002C 6001            STR              R1, [R0]
  105 0000002E 482B            LDR              R0, =GPIO_PORTB_AHB_AMSEL_R
  106 00000030 6001            STR              R1, [R0]



ARM Macro Assembler    Page 5 


  107 00000032 482B            LDR              R0, =GPIO_PORTP_AHB_AMSEL_R
  108 00000034 6001            STR              R1, [R0]
  109 00000036 482B            LDR              R0, =GPIO_PORTJ_AHB_AMSEL_R
  110 00000038 6001            STR              R1, [R0]
  111 0000003A         
  112 0000003A         ; 3. Limpar PCTL para selecionar o GPIO 
  113 0000003A 482B            LDR              R0, =GPIO_PORTA_AHB_PCTL_R
  114 0000003C 6001            STR              R1, [R0]
  115 0000003E 482B            LDR              R0, =GPIO_PORTQ_AHB_PCTL_R
  116 00000040 6001            STR              R1, [R0]
  117 00000042 482B            LDR              R0, =GPIO_PORTB_AHB_PCTL_R
  118 00000044 6001            STR              R1, [R0]
  119 00000046 482B            LDR              R0, =GPIO_PORTP_AHB_PCTL_R
  120 00000048 6001            STR              R1, [R0]
  121 0000004A 482B            LDR              R0, =GPIO_PORTJ_AHB_PCTL_R
  122 0000004C 6001            STR              R1, [R0]
  123 0000004E         
  124 0000004E         ; 4. DIR para 0 se for entrada, 1 se for saída
  125 0000004E 482B            LDR              R0, =GPIO_PORTA_AHB_DIR_R
  126 00000050 F04F 01F0       MOV              R1, #2_11110000
  127 00000054 6001            STR              R1, [R0]
  128 00000056 482A            LDR              R0, =GPIO_PORTQ_AHB_DIR_R
  129 00000058 F04F 010F       MOV              R1, #2_00001111
  130 0000005C 6001            STR              R1, [R0]
  131 0000005E 4829            LDR              R0, =GPIO_PORTB_AHB_DIR_R
  132 00000060 F04F 0130       MOV              R1, #2_00110000
  133 00000064 6001            STR              R1, [R0]
  134 00000066 4828            LDR              R0, =GPIO_PORTP_AHB_DIR_R
  135 00000068 F04F 0120       MOV              R1, #2_00100000
  136 0000006C 6001            STR              R1, [R0]
  137 0000006E 4827            LDR              R0, =GPIO_PORTJ_AHB_DIR_R
  138 00000070 F04F 0100       MOV              R1, #2_00000000
  139 00000074 6001            STR              R1, [R0]
  140 00000076         
  141 00000076         ; 5. Limpar os bits AFSEL para 0 para selecionar GPIO
  142 00000076 F04F 0100       MOV              R1, #0x00
  143 0000007A 4825            LDR              R0, =GPIO_PORTA_AHB_AFSEL_R
  144 0000007C 6001            STR              R1, [R0]
  145 0000007E 4825            LDR              R0, =GPIO_PORTQ_AHB_AFSEL_R
  146 00000080 6001            STR              R1, [R0]
  147 00000082 4825            LDR              R0, =GPIO_PORTB_AHB_AFSEL_R
  148 00000084 6001            STR              R1, [R0]
  149 00000086 4825            LDR              R0, =GPIO_PORTP_AHB_AFSEL_R
  150 00000088 6001            STR              R1, [R0]
  151 0000008A 4825            LDR              R0, =GPIO_PORTJ_AHB_AFSEL_R
  152 0000008C 6001            STR              R1, [R0]
  153 0000008E         
  154 0000008E         ; 6. Setar os bits de DEN para habilitar I/O digital
  155 0000008E 4825            LDR              R0, =GPIO_PORTA_AHB_DEN_R
  156 00000090 F04F 01F0       MOV              R1, #2_11110000
  157 00000094 6001            STR              R1, [R0]
  158 00000096 4824            LDR              R0, =GPIO_PORTQ_AHB_DEN_R
  159 00000098 F04F 010F       MOV              R1, #2_00001111
  160 0000009C 6001            STR              R1, [R0]
  161 0000009E 4823            LDR              R0, =GPIO_PORTB_AHB_DEN_R
  162 000000A0 F04F 0130       MOV              R1, #2_00110000
  163 000000A4 6001            STR              R1, [R0]
  164 000000A6 4822            LDR              R0, =GPIO_PORTP_AHB_DEN_R
  165 000000A8 F04F 0120       MOV              R1, #2_00100000



ARM Macro Assembler    Page 6 


  166 000000AC 6001            STR              R1, [R0]
  167 000000AE 4821            LDR              R0, =GPIO_PORTJ_AHB_DEN_R
  168 000000B0 F04F 0100       MOV              R1, #2_00000000
  169 000000B4 6001            STR              R1, [R0]
  170 000000B6         
  171 000000B6         ; 7. Para habilitar resistor de pull-up interno, setar P
                       UR para 1
  172 000000B6 4820            LDR              R0, =GPIO_PORTJ_AHB_PUR_R
  173 000000B8 F04F 0103       MOV              R1, #2_00000011
  174 000000BC 6001            STR              R1, [R0]
  175 000000BE         
  176 000000BE 4770            BX               LR
  177 000000C0         
  178 000000C0         
  179 000000C0         PortA_Output
  180 000000C0         
  181 000000C0         
  182 000000C0 4770            BX               LR
  183 000000C2         
  184 000000C2         PortB_Output
  185 000000C2         
  186 000000C2         
  187 000000C2 4770            BX               LR
  188 000000C4         
  189 000000C4         PortQ_Output
  190 000000C4         
  191 000000C4         
  192 000000C4 4770            BX               LR
  193 000000C6         
  194 000000C6         PortP_Output
  195 000000C6         
  196 000000C6         
  197 000000C6 4770            BX               LR
  198 000000C8         
  199 000000C8         PortJ_Input
  200 000000C8         
  201 000000C8         
  202 000000C8         
  203 000000C8 4770            BX               LR
  204 000000CA         
  205 000000CA         
  206 000000CA         
  207 000000CA 00 00           ALIGN                        ; garante que o fim
                                                             da seção está alin
                                                            hada 
  208 000000CC                 END                          ; fim do arquivo
              400FE608 
              400FEA08 
              40058528 
              40066528 
              40059528 
              40065528 
              40060528 
              4005852C 
              4006652C 
              4005952C 
              4006552C 
              4006052C 
              40058400 



ARM Macro Assembler    Page 7 


              40066400 
              40059400 
              40065400 
              40060400 
              40058420 
              40066420 
              40059420 
              40065420 
              40060420 
              4005851C 
              4006651C 
              4005951C 
              4006551C 
              4006051C 
              40060510 
Command Line: --debug --xref --diag_suppress=9931 --cpu=Cortex-M4.fp --apcs=int
erwork --depend=.\objects\gpio.d -o.\objects\gpio.o -IE:\Documents\Jose_Micro\G
PIO2\RTE -IC:\Keil_v5\ARM\PACK\Keil\TM4C_DFP\1.1.0\Device\Include\TM4C129 -IC:\
Keil_v5\ARM\CMSIS\Include --predefine="__EVAL SETA 1" --predefine="__UVISION_VE
RSION SETA 518" --predefine="TM4C1294NCPDT SETA 1" --list=.\listings\gpio.lst g
pio.s



ARM Macro Assembler    Page 1 Alphabetic symbol ordering
Relocatable symbols

.text 00000000

Symbol: .text
   Definitions
      At line 71 in file gpio.s
   Uses
      None
Comment: .text unused
EsperaGPIO 0000001C

Symbol: EsperaGPIO
   Definitions
      At line 94 in file gpio.s
   Uses
      At line 96 in file gpio.s
Comment: EsperaGPIO used once
GPIO_Init 00000000

Symbol: GPIO_Init
   Definitions
      At line 83 in file gpio.s
   Uses
      At line 74 in file gpio.s
Comment: GPIO_Init used once
PortA_Output 000000C0

Symbol: PortA_Output
   Definitions
      At line 179 in file gpio.s
   Uses
      At line 75 in file gpio.s
Comment: PortA_Output used once
PortB_Output 000000C2

Symbol: PortB_Output
   Definitions
      At line 184 in file gpio.s
   Uses
      At line 77 in file gpio.s
Comment: PortB_Output used once
PortJ_Input 000000C8

Symbol: PortJ_Input
   Definitions
      At line 199 in file gpio.s
   Uses
      At line 79 in file gpio.s
Comment: PortJ_Input used once
PortP_Output 000000C6

Symbol: PortP_Output
   Definitions
      At line 194 in file gpio.s
   Uses
      At line 78 in file gpio.s
Comment: PortP_Output used once
PortQ_Output 000000C4

Symbol: PortQ_Output



ARM Macro Assembler    Page 2 Alphabetic symbol ordering
Relocatable symbols

   Definitions
      At line 189 in file gpio.s
   Uses
      At line 76 in file gpio.s
Comment: PortQ_Output used once
8 symbols



ARM Macro Assembler    Page 1 Alphabetic symbol ordering
Absolute symbols

GPIO_PORTA 00000001

Symbol: GPIO_PORTA
   Definitions
      At line 33 in file gpio.s
   Uses
      At line 86 in file gpio.s
Comment: GPIO_PORTA used once
GPIO_PORTA_AHB_AFSEL_R 40058420

Symbol: GPIO_PORTA_AHB_AFSEL_R
   Definitions
      At line 29 in file gpio.s
   Uses
      At line 143 in file gpio.s
Comment: GPIO_PORTA_AHB_AFSEL_R used once
GPIO_PORTA_AHB_AMSEL_R 40058528

Symbol: GPIO_PORTA_AHB_AMSEL_R
   Definitions
      At line 26 in file gpio.s
   Uses
      At line 101 in file gpio.s
Comment: GPIO_PORTA_AHB_AMSEL_R used once
GPIO_PORTA_AHB_CR_R 40058524

Symbol: GPIO_PORTA_AHB_CR_R
   Definitions
      At line 25 in file gpio.s
   Uses
      None
Comment: GPIO_PORTA_AHB_CR_R unused
GPIO_PORTA_AHB_DATA_R 400583FC

Symbol: GPIO_PORTA_AHB_DATA_R
   Definitions
      At line 32 in file gpio.s
   Uses
      None
Comment: GPIO_PORTA_AHB_DATA_R unused
GPIO_PORTA_AHB_DEN_R 4005851C

Symbol: GPIO_PORTA_AHB_DEN_R
   Definitions
      At line 30 in file gpio.s
   Uses
      At line 155 in file gpio.s
Comment: GPIO_PORTA_AHB_DEN_R used once
GPIO_PORTA_AHB_DIR_R 40058400

Symbol: GPIO_PORTA_AHB_DIR_R
   Definitions
      At line 28 in file gpio.s
   Uses
      At line 125 in file gpio.s
Comment: GPIO_PORTA_AHB_DIR_R used once
GPIO_PORTA_AHB_LOCK_R 40058520

Symbol: GPIO_PORTA_AHB_LOCK_R



ARM Macro Assembler    Page 2 Alphabetic symbol ordering
Absolute symbols

   Definitions
      At line 24 in file gpio.s
   Uses
      None
Comment: GPIO_PORTA_AHB_LOCK_R unused
GPIO_PORTA_AHB_PCTL_R 4005852C

Symbol: GPIO_PORTA_AHB_PCTL_R
   Definitions
      At line 27 in file gpio.s
   Uses
      At line 113 in file gpio.s
Comment: GPIO_PORTA_AHB_PCTL_R used once
GPIO_PORTA_AHB_PUR_R 40058510

Symbol: GPIO_PORTA_AHB_PUR_R
   Definitions
      At line 31 in file gpio.s
   Uses
      None
Comment: GPIO_PORTA_AHB_PUR_R unused
GPIO_PORTB 00000002

Symbol: GPIO_PORTB
   Definitions
      At line 44 in file gpio.s
   Uses
      At line 88 in file gpio.s
Comment: GPIO_PORTB used once
GPIO_PORTB_AHB_AFSEL_R 40059420

Symbol: GPIO_PORTB_AHB_AFSEL_R
   Definitions
      At line 40 in file gpio.s
   Uses
      At line 147 in file gpio.s
Comment: GPIO_PORTB_AHB_AFSEL_R used once
GPIO_PORTB_AHB_AMSEL_R 40059528

Symbol: GPIO_PORTB_AHB_AMSEL_R
   Definitions
      At line 37 in file gpio.s
   Uses
      At line 105 in file gpio.s
Comment: GPIO_PORTB_AHB_AMSEL_R used once
GPIO_PORTB_AHB_CR_R 40059524

Symbol: GPIO_PORTB_AHB_CR_R
   Definitions
      At line 36 in file gpio.s
   Uses
      None
Comment: GPIO_PORTB_AHB_CR_R unused
GPIO_PORTB_AHB_DATA_R 400593FC

Symbol: GPIO_PORTB_AHB_DATA_R
   Definitions
      At line 43 in file gpio.s
   Uses



ARM Macro Assembler    Page 3 Alphabetic symbol ordering
Absolute symbols

      None
Comment: GPIO_PORTB_AHB_DATA_R unused
GPIO_PORTB_AHB_DEN_R 4005951C

Symbol: GPIO_PORTB_AHB_DEN_R
   Definitions
      At line 41 in file gpio.s
   Uses
      At line 161 in file gpio.s
Comment: GPIO_PORTB_AHB_DEN_R used once
GPIO_PORTB_AHB_DIR_R 40059400

Symbol: GPIO_PORTB_AHB_DIR_R
   Definitions
      At line 39 in file gpio.s
   Uses
      At line 131 in file gpio.s
Comment: GPIO_PORTB_AHB_DIR_R used once
GPIO_PORTB_AHB_LOCK_R 40059520

Symbol: GPIO_PORTB_AHB_LOCK_R
   Definitions
      At line 35 in file gpio.s
   Uses
      None
Comment: GPIO_PORTB_AHB_LOCK_R unused
GPIO_PORTB_AHB_PCTL_R 4005952C

Symbol: GPIO_PORTB_AHB_PCTL_R
   Definitions
      At line 38 in file gpio.s
   Uses
      At line 117 in file gpio.s
Comment: GPIO_PORTB_AHB_PCTL_R used once
GPIO_PORTB_AHB_PUR_R 40059510

Symbol: GPIO_PORTB_AHB_PUR_R
   Definitions
      At line 42 in file gpio.s
   Uses
      None
Comment: GPIO_PORTB_AHB_PUR_R unused
GPIO_PORTJ 00000100

Symbol: GPIO_PORTJ
   Definitions
      At line 22 in file gpio.s
   Uses
      At line 90 in file gpio.s
Comment: GPIO_PORTJ used once
GPIO_PORTJ_AHB_AFSEL_R 40060420

Symbol: GPIO_PORTJ_AHB_AFSEL_R
   Definitions
      At line 18 in file gpio.s
   Uses
      At line 151 in file gpio.s
Comment: GPIO_PORTJ_AHB_AFSEL_R used once
GPIO_PORTJ_AHB_AMSEL_R 40060528



ARM Macro Assembler    Page 4 Alphabetic symbol ordering
Absolute symbols


Symbol: GPIO_PORTJ_AHB_AMSEL_R
   Definitions
      At line 15 in file gpio.s
   Uses
      At line 109 in file gpio.s
Comment: GPIO_PORTJ_AHB_AMSEL_R used once
GPIO_PORTJ_AHB_CR_R 40060524

Symbol: GPIO_PORTJ_AHB_CR_R
   Definitions
      At line 14 in file gpio.s
   Uses
      None
Comment: GPIO_PORTJ_AHB_CR_R unused
GPIO_PORTJ_AHB_DATA_R 400603FC

Symbol: GPIO_PORTJ_AHB_DATA_R
   Definitions
      At line 21 in file gpio.s
   Uses
      None
Comment: GPIO_PORTJ_AHB_DATA_R unused
GPIO_PORTJ_AHB_DEN_R 4006051C

Symbol: GPIO_PORTJ_AHB_DEN_R
   Definitions
      At line 19 in file gpio.s
   Uses
      At line 167 in file gpio.s
Comment: GPIO_PORTJ_AHB_DEN_R used once
GPIO_PORTJ_AHB_DIR_R 40060400

Symbol: GPIO_PORTJ_AHB_DIR_R
   Definitions
      At line 17 in file gpio.s
   Uses
      At line 137 in file gpio.s
Comment: GPIO_PORTJ_AHB_DIR_R used once
GPIO_PORTJ_AHB_LOCK_R 40060520

Symbol: GPIO_PORTJ_AHB_LOCK_R
   Definitions
      At line 13 in file gpio.s
   Uses
      None
Comment: GPIO_PORTJ_AHB_LOCK_R unused
GPIO_PORTJ_AHB_PCTL_R 4006052C

Symbol: GPIO_PORTJ_AHB_PCTL_R
   Definitions
      At line 16 in file gpio.s
   Uses
      At line 121 in file gpio.s
Comment: GPIO_PORTJ_AHB_PCTL_R used once
GPIO_PORTJ_AHB_PUR_R 40060510

Symbol: GPIO_PORTJ_AHB_PUR_R
   Definitions



ARM Macro Assembler    Page 5 Alphabetic symbol ordering
Absolute symbols

      At line 20 in file gpio.s
   Uses
      At line 172 in file gpio.s
Comment: GPIO_PORTJ_AHB_PUR_R used once
GPIO_PORTP 00002000

Symbol: GPIO_PORTP
   Definitions
      At line 66 in file gpio.s
   Uses
      At line 89 in file gpio.s
Comment: GPIO_PORTP used once
GPIO_PORTP_AHB_AFSEL_R 40065420

Symbol: GPIO_PORTP_AHB_AFSEL_R
   Definitions
      At line 62 in file gpio.s
   Uses
      At line 149 in file gpio.s
Comment: GPIO_PORTP_AHB_AFSEL_R used once
GPIO_PORTP_AHB_AMSEL_R 40065528

Symbol: GPIO_PORTP_AHB_AMSEL_R
   Definitions
      At line 59 in file gpio.s
   Uses
      At line 107 in file gpio.s
Comment: GPIO_PORTP_AHB_AMSEL_R used once
GPIO_PORTP_AHB_CR_R 40065524

Symbol: GPIO_PORTP_AHB_CR_R
   Definitions
      At line 58 in file gpio.s
   Uses
      None
Comment: GPIO_PORTP_AHB_CR_R unused
GPIO_PORTP_AHB_DATA_R 400653FC

Symbol: GPIO_PORTP_AHB_DATA_R
   Definitions
      At line 65 in file gpio.s
   Uses
      None
Comment: GPIO_PORTP_AHB_DATA_R unused
GPIO_PORTP_AHB_DEN_R 4006551C

Symbol: GPIO_PORTP_AHB_DEN_R
   Definitions
      At line 63 in file gpio.s
   Uses
      At line 164 in file gpio.s
Comment: GPIO_PORTP_AHB_DEN_R used once
GPIO_PORTP_AHB_DIR_R 40065400

Symbol: GPIO_PORTP_AHB_DIR_R
   Definitions
      At line 61 in file gpio.s
   Uses
      At line 134 in file gpio.s



ARM Macro Assembler    Page 6 Alphabetic symbol ordering
Absolute symbols

Comment: GPIO_PORTP_AHB_DIR_R used once
GPIO_PORTP_AHB_LOCK_R 40065520

Symbol: GPIO_PORTP_AHB_LOCK_R
   Definitions
      At line 57 in file gpio.s
   Uses
      None
Comment: GPIO_PORTP_AHB_LOCK_R unused
GPIO_PORTP_AHB_PCTL_R 4006552C

Symbol: GPIO_PORTP_AHB_PCTL_R
   Definitions
      At line 60 in file gpio.s
   Uses
      At line 119 in file gpio.s
Comment: GPIO_PORTP_AHB_PCTL_R used once
GPIO_PORTP_AHB_PUR_R 40065510

Symbol: GPIO_PORTP_AHB_PUR_R
   Definitions
      At line 64 in file gpio.s
   Uses
      None
Comment: GPIO_PORTP_AHB_PUR_R unused
GPIO_PORTQ 00004000

Symbol: GPIO_PORTQ
   Definitions
      At line 55 in file gpio.s
   Uses
      At line 87 in file gpio.s
Comment: GPIO_PORTQ used once
GPIO_PORTQ_AHB_AFSEL_R 40066420

Symbol: GPIO_PORTQ_AHB_AFSEL_R
   Definitions
      At line 51 in file gpio.s
   Uses
      At line 145 in file gpio.s
Comment: GPIO_PORTQ_AHB_AFSEL_R used once
GPIO_PORTQ_AHB_AMSEL_R 40066528

Symbol: GPIO_PORTQ_AHB_AMSEL_R
   Definitions
      At line 48 in file gpio.s
   Uses
      At line 103 in file gpio.s
Comment: GPIO_PORTQ_AHB_AMSEL_R used once
GPIO_PORTQ_AHB_CR_R 40066524

Symbol: GPIO_PORTQ_AHB_CR_R
   Definitions
      At line 47 in file gpio.s
   Uses
      None
Comment: GPIO_PORTQ_AHB_CR_R unused
GPIO_PORTQ_AHB_DATA_R 400663FC




ARM Macro Assembler    Page 7 Alphabetic symbol ordering
Absolute symbols

Symbol: GPIO_PORTQ_AHB_DATA_R
   Definitions
      At line 54 in file gpio.s
   Uses
      None
Comment: GPIO_PORTQ_AHB_DATA_R unused
GPIO_PORTQ_AHB_DEN_R 4006651C

Symbol: GPIO_PORTQ_AHB_DEN_R
   Definitions
      At line 52 in file gpio.s
   Uses
      At line 158 in file gpio.s
Comment: GPIO_PORTQ_AHB_DEN_R used once
GPIO_PORTQ_AHB_DIR_R 40066400

Symbol: GPIO_PORTQ_AHB_DIR_R
   Definitions
      At line 50 in file gpio.s
   Uses
      At line 128 in file gpio.s
Comment: GPIO_PORTQ_AHB_DIR_R used once
GPIO_PORTQ_AHB_LOCK_R 40066520

Symbol: GPIO_PORTQ_AHB_LOCK_R
   Definitions
      At line 46 in file gpio.s
   Uses
      None
Comment: GPIO_PORTQ_AHB_LOCK_R unused
GPIO_PORTQ_AHB_PCTL_R 4006652C

Symbol: GPIO_PORTQ_AHB_PCTL_R
   Definitions
      At line 49 in file gpio.s
   Uses
      At line 115 in file gpio.s
Comment: GPIO_PORTQ_AHB_PCTL_R used once
GPIO_PORTQ_AHB_PUR_R 40066510

Symbol: GPIO_PORTQ_AHB_PUR_R
   Definitions
      At line 53 in file gpio.s
   Uses
      None
Comment: GPIO_PORTQ_AHB_PUR_R unused
SYSCTL_PRGPIO_R 400FEA08

Symbol: SYSCTL_PRGPIO_R
   Definitions
      At line 9 in file gpio.s
   Uses
      At line 93 in file gpio.s
Comment: SYSCTL_PRGPIO_R used once
SYSCTL_RCGCGPIO_R 400FE608

Symbol: SYSCTL_RCGCGPIO_R
   Definitions
      At line 8 in file gpio.s



ARM Macro Assembler    Page 8 Alphabetic symbol ordering
Absolute symbols

   Uses
      At line 85 in file gpio.s
Comment: SYSCTL_RCGCGPIO_R used once
52 symbols
396 symbols in table
