Analysis & Synthesis report for Lab7
Mon Dec 05 10:12:41 2022
Quartus Prime Version 18.1.0 Build 625 09/12/2018 SJ Lite Edition


---------------------
; Table of Contents ;
---------------------
  1. Legal Notice
  2. Analysis & Synthesis Summary
  3. Analysis & Synthesis Settings
  4. Parallel Compilation
  5. Analysis & Synthesis Source Files Read
  6. Analysis & Synthesis Resource Usage Summary
  7. Analysis & Synthesis Resource Utilization by Entity
  8. Analysis & Synthesis RAM Summary
  9. Analysis & Synthesis IP Cores Summary
 10. State Machine - |Lab7|Detector53:inst3|estado
 11. State Machine - |Lab7|Cont_proj:inst|Contador_proj:inst|estado
 12. Registers Removed During Synthesis
 13. General Register Statistics
 14. Inverted Register Statistics
 15. Source assignments for minharom:inst1|altsyncram:altsyncram_component|altsyncram_lc91:auto_generated
 16. Parameter Settings for User Entity Instance: minharom:inst1|altsyncram:altsyncram_component
 17. altsyncram Parameter Settings by Entity Instance
 18. Post-Synthesis Netlist Statistics for Top Partition
 19. Elapsed Time Per Partition
 20. Analysis & Synthesis Messages



----------------
; Legal Notice ;
----------------
Copyright (C) 2018  Intel Corporation. All rights reserved.
Your use of Intel Corporation's design tools, logic functions 
and other software and tools, and its AMPP partner logic 
functions, and any output files from any of the foregoing 
(including device programming or simulation files), and any 
associated documentation or information are expressly subject 
to the terms and conditions of the Intel Program License 
Subscription Agreement, the Intel Quartus Prime License Agreement,
the Intel FPGA IP License Agreement, or other applicable license
agreement, including, without limitation, that your use is for
the sole purpose of programming logic devices manufactured by
Intel and sold by Intel or its authorized distributors.  Please
refer to the applicable agreement for further details.



+----------------------------------------------------------------------------------+
; Analysis & Synthesis Summary                                                     ;
+------------------------------------+---------------------------------------------+
; Analysis & Synthesis Status        ; Successful - Mon Dec 05 10:12:41 2022       ;
; Quartus Prime Version              ; 18.1.0 Build 625 09/12/2018 SJ Lite Edition ;
; Revision Name                      ; Lab7                                        ;
; Top-level Entity Name              ; Lab7                                        ;
; Family                             ; MAX 10                                      ;
; Total logic elements               ; 164                                         ;
;     Total combinational functions  ; 129                                         ;
;     Dedicated logic registers      ; 100                                         ;
; Total registers                    ; 100                                         ;
; Total pins                         ; 39                                          ;
; Total virtual pins                 ; 0                                           ;
; Total memory bits                  ; 2,048                                       ;
; Embedded Multiplier 9-bit elements ; 0                                           ;
; Total PLLs                         ; 0                                           ;
; UFM blocks                         ; 0                                           ;
; ADC blocks                         ; 0                                           ;
+------------------------------------+---------------------------------------------+


+------------------------------------------------------------------------------------------------------------+
; Analysis & Synthesis Settings                                                                              ;
+------------------------------------------------------------------+--------------------+--------------------+
; Option                                                           ; Setting            ; Default Value      ;
+------------------------------------------------------------------+--------------------+--------------------+
; Device                                                           ; 10M50DAF484C7G     ;                    ;
; Top-level entity name                                            ; Lab7               ; Lab7               ;
; Family name                                                      ; MAX 10             ; Cyclone V          ;
; Use smart compilation                                            ; Off                ; Off                ;
; Enable parallel Assembler and Timing Analyzer during compilation ; On                 ; On                 ;
; Enable compact report table                                      ; Off                ; Off                ;
; Restructure Multiplexers                                         ; Auto               ; Auto               ;
; Create Debugging Nodes for IP Cores                              ; Off                ; Off                ;
; Preserve fewer node names                                        ; On                 ; On                 ;
; Intel FPGA IP Evaluation Mode                                    ; Enable             ; Enable             ;
; Verilog Version                                                  ; Verilog_2001       ; Verilog_2001       ;
; VHDL Version                                                     ; VHDL_1993          ; VHDL_1993          ;
; State Machine Processing                                         ; Auto               ; Auto               ;
; Safe State Machine                                               ; Off                ; Off                ;
; Extract Verilog State Machines                                   ; On                 ; On                 ;
; Extract VHDL State Machines                                      ; On                 ; On                 ;
; Ignore Verilog initial constructs                                ; Off                ; Off                ;
; Iteration limit for constant Verilog loops                       ; 5000               ; 5000               ;
; Iteration limit for non-constant Verilog loops                   ; 250                ; 250                ;
; Add Pass-Through Logic to Inferred RAMs                          ; On                 ; On                 ;
; Infer RAMs from Raw Logic                                        ; On                 ; On                 ;
; Parallel Synthesis                                               ; On                 ; On                 ;
; DSP Block Balancing                                              ; Auto               ; Auto               ;
; NOT Gate Push-Back                                               ; On                 ; On                 ;
; Power-Up Don't Care                                              ; On                 ; On                 ;
; Remove Redundant Logic Cells                                     ; Off                ; Off                ;
; Remove Duplicate Registers                                       ; On                 ; On                 ;
; Ignore CARRY Buffers                                             ; Off                ; Off                ;
; Ignore CASCADE Buffers                                           ; Off                ; Off                ;
; Ignore GLOBAL Buffers                                            ; Off                ; Off                ;
; Ignore ROW GLOBAL Buffers                                        ; Off                ; Off                ;
; Ignore LCELL Buffers                                             ; Off                ; Off                ;
; Ignore SOFT Buffers                                              ; On                 ; On                 ;
; Limit AHDL Integers to 32 Bits                                   ; Off                ; Off                ;
; Optimization Technique                                           ; Balanced           ; Balanced           ;
; Carry Chain Length                                               ; 70                 ; 70                 ;
; Auto Carry Chains                                                ; On                 ; On                 ;
; Auto Open-Drain Pins                                             ; On                 ; On                 ;
; Perform WYSIWYG Primitive Resynthesis                            ; Off                ; Off                ;
; Auto ROM Replacement                                             ; On                 ; On                 ;
; Auto RAM Replacement                                             ; On                 ; On                 ;
; Auto DSP Block Replacement                                       ; On                 ; On                 ;
; Auto Shift Register Replacement                                  ; Auto               ; Auto               ;
; Allow Shift Register Merging across Hierarchies                  ; Auto               ; Auto               ;
; Auto Clock Enable Replacement                                    ; On                 ; On                 ;
; Strict RAM Replacement                                           ; Off                ; Off                ;
; Allow Synchronous Control Signals                                ; On                 ; On                 ;
; Force Use of Synchronous Clear Signals                           ; Off                ; Off                ;
; Auto RAM Block Balancing                                         ; On                 ; On                 ;
; Auto RAM to Logic Cell Conversion                                ; Off                ; Off                ;
; Auto Resource Sharing                                            ; Off                ; Off                ;
; Allow Any RAM Size For Recognition                               ; Off                ; Off                ;
; Allow Any ROM Size For Recognition                               ; Off                ; Off                ;
; Allow Any Shift Register Size For Recognition                    ; Off                ; Off                ;
; Use LogicLock Constraints during Resource Balancing              ; On                 ; On                 ;
; Ignore translate_off and synthesis_off directives                ; Off                ; Off                ;
; Timing-Driven Synthesis                                          ; On                 ; On                 ;
; Report Parameter Settings                                        ; On                 ; On                 ;
; Report Source Assignments                                        ; On                 ; On                 ;
; Report Connectivity Checks                                       ; On                 ; On                 ;
; Ignore Maximum Fan-Out Assignments                               ; Off                ; Off                ;
; Synchronization Register Chain Length                            ; 2                  ; 2                  ;
; Power Optimization During Synthesis                              ; Normal compilation ; Normal compilation ;
; HDL message level                                                ; Level2             ; Level2             ;
; Suppress Register Optimization Related Messages                  ; Off                ; Off                ;
; Number of Removed Registers Reported in Synthesis Report         ; 5000               ; 5000               ;
; Number of Swept Nodes Reported in Synthesis Report               ; 5000               ; 5000               ;
; Number of Inverted Registers Reported in Synthesis Report        ; 100                ; 100                ;
; Clock MUX Protection                                             ; On                 ; On                 ;
; Auto Gated Clock Conversion                                      ; Off                ; Off                ;
; Block Design Naming                                              ; Auto               ; Auto               ;
; SDC constraint protection                                        ; Off                ; Off                ;
; Synthesis Effort                                                 ; Auto               ; Auto               ;
; Shift Register Replacement - Allow Asynchronous Clear Signal     ; On                 ; On                 ;
; Pre-Mapping Resynthesis Optimization                             ; Off                ; Off                ;
; Analysis & Synthesis Message Level                               ; Medium             ; Medium             ;
; Disable Register Merging Across Hierarchies                      ; Auto               ; Auto               ;
; Resource Aware Inference For Block RAM                           ; On                 ; On                 ;
+------------------------------------------------------------------+--------------------+--------------------+


+------------------------------------------+
; Parallel Compilation                     ;
+----------------------------+-------------+
; Processors                 ; Number      ;
+----------------------------+-------------+
; Number detected on machine ; 8           ;
; Maximum allowed            ; 4           ;
;                            ;             ;
; Average used               ; 1.00        ;
; Maximum used               ; 4           ;
;                            ;             ;
; Usage by Processor         ; % Time Used ;
;     Processor 1            ; 100.0%      ;
;     Processors 2-4         ;   0.0%      ;
+----------------------------+-------------+


+----------------------------------------------------------------------------------------------------------------------------------------------------------------------------------------+
; Analysis & Synthesis Source Files Read                                                                                                                                                 ;
+----------------------------------+-----------------+------------------------------------------+------------------------------------------------------------------------------+---------+
; File Name with User-Entered Path ; Used in Netlist ; File Type                                ; File Name with Absolute Path                                                 ; Library ;
+----------------------------------+-----------------+------------------------------------------+------------------------------------------------------------------------------+---------+
; Lab7.bdf                         ; yes             ; User Block Diagram/Schematic File        ; C:/Users/Avell/Desktop/Projetos_digitais/Lab7/Lab7.bdf                       ;         ;
; Contadorx256.vhd                 ; yes             ; User VHDL File                           ; C:/Users/Avell/Desktop/Projetos_digitais/Lab7/Contadorx256.vhd               ;         ;
; Detector53.vhd                   ; yes             ; User VHDL File                           ; C:/Users/Avell/Desktop/Projetos_digitais/Lab7/Detector53.vhd                 ;         ;
; minharom.v                       ; yes             ; User Wizard-Generated File               ; C:/Users/Avell/Desktop/Projetos_digitais/Lab7/minharom.v                     ;         ;
; vetor7_1.bdf                     ; yes             ; User Block Diagram/Schematic File        ; C:/Users/Avell/Desktop/Projetos_digitais/Lab7/vetor7_1.bdf                   ;         ;
; PISO8_vetor.bdf                  ; yes             ; User Block Diagram/Schematic File        ; C:/Users/Avell/Desktop/Projetos_digitais/Lab7/PISO8_vetor.bdf                ;         ;
; Contador_proj.vhd                ; yes             ; User VHDL File                           ; C:/Users/Avell/Desktop/Projetos_digitais/Lab7/Contador_proj.vhd              ;         ;
; Cont_proj.bdf                    ; yes             ; User Block Diagram/Schematic File        ; C:/Users/Avell/Desktop/Projetos_digitais/Lab7/Cont_proj.bdf                  ;         ;
; vetor7_0_out.bdf                 ; yes             ; User Block Diagram/Schematic File        ; C:/Users/Avell/Desktop/Projetos_digitais/Lab7/vetor7_0_out.bdf               ;         ;
; PIPO8_vetor.bdf                  ; yes             ; User Block Diagram/Schematic File        ; C:/Users/Avell/Desktop/Projetos_digitais/Lab7/PIPO8_vetor.bdf                ;         ;
; 2Dec7Inv.bdf                     ; yes             ; User Block Diagram/Schematic File        ; C:/Users/Avell/Desktop/Projetos_digitais/Lab7/2Dec7Inv.bdf                   ;         ;
; timing_reference.vhd             ; yes             ; Auto-Found VHDL File                     ; C:/Users/Avell/Desktop/Projetos_digitais/Lab7/timing_reference.vhd           ;         ;
; piso8.bdf                        ; yes             ; Auto-Found Block Diagram/Schematic File  ; C:/Users/Avell/Desktop/Projetos_digitais/Lab7/piso8.bdf                      ;         ;
; aoub.bdf                         ; yes             ; Auto-Found Block Diagram/Schematic File  ; C:/Users/Avell/Desktop/Projetos_digitais/Lab7/aoub.bdf                       ;         ;
; altsyncram.tdf                   ; yes             ; Megafunction                             ; c:/intelfpga_lite/18.1/quartus/libraries/megafunctions/altsyncram.tdf        ;         ;
; stratix_ram_block.inc            ; yes             ; Megafunction                             ; c:/intelfpga_lite/18.1/quartus/libraries/megafunctions/stratix_ram_block.inc ;         ;
; lpm_mux.inc                      ; yes             ; Megafunction                             ; c:/intelfpga_lite/18.1/quartus/libraries/megafunctions/lpm_mux.inc           ;         ;
; lpm_decode.inc                   ; yes             ; Megafunction                             ; c:/intelfpga_lite/18.1/quartus/libraries/megafunctions/lpm_decode.inc        ;         ;
; aglobal181.inc                   ; yes             ; Megafunction                             ; c:/intelfpga_lite/18.1/quartus/libraries/megafunctions/aglobal181.inc        ;         ;
; a_rdenreg.inc                    ; yes             ; Megafunction                             ; c:/intelfpga_lite/18.1/quartus/libraries/megafunctions/a_rdenreg.inc         ;         ;
; altrom.inc                       ; yes             ; Megafunction                             ; c:/intelfpga_lite/18.1/quartus/libraries/megafunctions/altrom.inc            ;         ;
; altram.inc                       ; yes             ; Megafunction                             ; c:/intelfpga_lite/18.1/quartus/libraries/megafunctions/altram.inc            ;         ;
; altdpram.inc                     ; yes             ; Megafunction                             ; c:/intelfpga_lite/18.1/quartus/libraries/megafunctions/altdpram.inc          ;         ;
; db/altsyncram_lc91.tdf           ; yes             ; Auto-Generated Megafunction              ; C:/Users/Avell/Desktop/Projetos_digitais/Lab7/db/altsyncram_lc91.tdf         ;         ;
; ROM_256_8.hex                    ; yes             ; Auto-Found Memory Initialization File    ; C:/Users/Avell/Desktop/Projetos_digitais/Lab7/ROM_256_8.hex                  ;         ;
; dec7inv.bdf                      ; yes             ; Auto-Found Block Diagram/Schematic File  ; C:/Users/Avell/Desktop/Projetos_digitais/Lab7/dec7inv.bdf                    ;         ;
; inv7.bdf                         ; yes             ; Auto-Found Block Diagram/Schematic File  ; C:/Users/Avell/Desktop/Projetos_digitais/Lab7/inv7.bdf                       ;         ;
; decodificador7seg.bdf            ; yes             ; Auto-Found Block Diagram/Schematic File  ; C:/Users/Avell/Desktop/Projetos_digitais/Lab7/decodificador7seg.bdf          ;         ;
; 5or.bdf                          ; yes             ; Auto-Found Block Diagram/Schematic File  ; C:/Users/Avell/Desktop/Projetos_digitais/Lab7/5or.bdf                        ;         ;
; pipo8.bdf                        ; yes             ; Auto-Found Block Diagram/Schematic File  ; C:/Users/Avell/Desktop/Projetos_digitais/Lab7/pipo8.bdf                      ;         ;
+----------------------------------+-----------------+------------------------------------------+------------------------------------------------------------------------------+---------+


+-----------------------------------------------------------+
; Analysis & Synthesis Resource Usage Summary               ;
+---------------------------------------------+-------------+
; Resource                                    ; Usage       ;
+---------------------------------------------+-------------+
; Estimated Total logic elements              ; 164         ;
;                                             ;             ;
; Total combinational functions               ; 129         ;
; Logic element usage by number of LUT inputs ;             ;
;     -- 4 input functions                    ; 46          ;
;     -- 3 input functions                    ; 30          ;
;     -- <=2 input functions                  ; 53          ;
;                                             ;             ;
; Logic elements by mode                      ;             ;
;     -- normal mode                          ; 92          ;
;     -- arithmetic mode                      ; 37          ;
;                                             ;             ;
; Total registers                             ; 100         ;
;     -- Dedicated logic registers            ; 100         ;
;     -- I/O registers                        ; 0           ;
;                                             ;             ;
; I/O pins                                    ; 39          ;
; Total memory bits                           ; 2048        ;
;                                             ;             ;
; Embedded Multiplier 9-bit elements          ; 0           ;
;                                             ;             ;
; Maximum fan-out node                        ; Reset~input ;
; Maximum fan-out                             ; 66          ;
; Total fan-out                               ; 811         ;
; Average fan-out                             ; 2.57        ;
+---------------------------------------------+-------------+


+-------------------------------------------------------------------------------------------------------------------------------------------------------------------------------------------------------------------------------------------------------------------------------------------------------------------------+
; Analysis & Synthesis Resource Utilization by Entity                                                                                                                                                                                                                                                                     ;
+-------------------------------------------+---------------------+---------------------------+-------------+------------+--------------+---------+-----------+------+--------------+------------+-------------------------------------------------------------------------------------+-------------------+--------------+
; Compilation Hierarchy Node                ; Combinational ALUTs ; Dedicated Logic Registers ; Memory Bits ; UFM Blocks ; DSP Elements ; DSP 9x9 ; DSP 18x18 ; Pins ; Virtual Pins ; ADC blocks ; Full Hierarchy Name                                                                 ; Entity Name       ; Library Name ;
+-------------------------------------------+---------------------+---------------------------+-------------+------------+--------------+---------+-----------+------+--------------+------------+-------------------------------------------------------------------------------------+-------------------+--------------+
; |Lab7                                     ; 129 (2)             ; 100 (5)                   ; 2048        ; 0          ; 0            ; 0       ; 0         ; 39   ; 0            ; 0          ; |Lab7                                                                               ; Lab7              ; work         ;
;    |2Dec7Inv:inst11|                      ; 14 (0)              ; 0 (0)                     ; 0           ; 0          ; 0            ; 0       ; 0         ; 0    ; 0            ; 0          ; |Lab7|2Dec7Inv:inst11                                                               ; 2Dec7Inv          ; work         ;
;       |Dec7Inv:inst1|                     ; 7 (0)               ; 0 (0)                     ; 0           ; 0          ; 0            ; 0       ; 0         ; 0    ; 0            ; 0          ; |Lab7|2Dec7Inv:inst11|Dec7Inv:inst1                                                 ; Dec7Inv           ; work         ;
;          |Decodificador7Seg:inst2|        ; 7 (2)               ; 0 (0)                     ; 0           ; 0          ; 0            ; 0       ; 0         ; 0    ; 0            ; 0          ; |Lab7|2Dec7Inv:inst11|Dec7Inv:inst1|Decodificador7Seg:inst2                         ; Decodificador7Seg ; work         ;
;             |5or:inst51|                  ; 1 (1)               ; 0 (0)                     ; 0           ; 0          ; 0            ; 0       ; 0         ; 0    ; 0            ; 0          ; |Lab7|2Dec7Inv:inst11|Dec7Inv:inst1|Decodificador7Seg:inst2|5or:inst51              ; 5or               ; work         ;
;             |5or:inst52|                  ; 1 (1)               ; 0 (0)                     ; 0           ; 0          ; 0            ; 0       ; 0         ; 0    ; 0            ; 0          ; |Lab7|2Dec7Inv:inst11|Dec7Inv:inst1|Decodificador7Seg:inst2|5or:inst52              ; 5or               ; work         ;
;             |5or:inst53|                  ; 1 (1)               ; 0 (0)                     ; 0           ; 0          ; 0            ; 0       ; 0         ; 0    ; 0            ; 0          ; |Lab7|2Dec7Inv:inst11|Dec7Inv:inst1|Decodificador7Seg:inst2|5or:inst53              ; 5or               ; work         ;
;             |5or:inst54|                  ; 1 (1)               ; 0 (0)                     ; 0           ; 0          ; 0            ; 0       ; 0         ; 0    ; 0            ; 0          ; |Lab7|2Dec7Inv:inst11|Dec7Inv:inst1|Decodificador7Seg:inst2|5or:inst54              ; 5or               ; work         ;
;             |5or:inst55|                  ; 1 (1)               ; 0 (0)                     ; 0           ; 0          ; 0            ; 0       ; 0         ; 0    ; 0            ; 0          ; |Lab7|2Dec7Inv:inst11|Dec7Inv:inst1|Decodificador7Seg:inst2|5or:inst55              ; 5or               ; work         ;
;       |Dec7Inv:inst|                      ; 7 (0)               ; 0 (0)                     ; 0           ; 0          ; 0            ; 0       ; 0         ; 0    ; 0            ; 0          ; |Lab7|2Dec7Inv:inst11|Dec7Inv:inst                                                  ; Dec7Inv           ; work         ;
;          |Decodificador7Seg:inst2|        ; 7 (2)               ; 0 (0)                     ; 0           ; 0          ; 0            ; 0       ; 0         ; 0    ; 0            ; 0          ; |Lab7|2Dec7Inv:inst11|Dec7Inv:inst|Decodificador7Seg:inst2                          ; Decodificador7Seg ; work         ;
;             |5or:inst51|                  ; 1 (1)               ; 0 (0)                     ; 0           ; 0          ; 0            ; 0       ; 0         ; 0    ; 0            ; 0          ; |Lab7|2Dec7Inv:inst11|Dec7Inv:inst|Decodificador7Seg:inst2|5or:inst51               ; 5or               ; work         ;
;             |5or:inst52|                  ; 1 (1)               ; 0 (0)                     ; 0           ; 0          ; 0            ; 0       ; 0         ; 0    ; 0            ; 0          ; |Lab7|2Dec7Inv:inst11|Dec7Inv:inst|Decodificador7Seg:inst2|5or:inst52               ; 5or               ; work         ;
;             |5or:inst53|                  ; 1 (1)               ; 0 (0)                     ; 0           ; 0          ; 0            ; 0       ; 0         ; 0    ; 0            ; 0          ; |Lab7|2Dec7Inv:inst11|Dec7Inv:inst|Decodificador7Seg:inst2|5or:inst53               ; 5or               ; work         ;
;             |5or:inst54|                  ; 1 (1)               ; 0 (0)                     ; 0           ; 0          ; 0            ; 0       ; 0         ; 0    ; 0            ; 0          ; |Lab7|2Dec7Inv:inst11|Dec7Inv:inst|Decodificador7Seg:inst2|5or:inst54               ; 5or               ; work         ;
;             |5or:inst55|                  ; 1 (1)               ; 0 (0)                     ; 0           ; 0          ; 0            ; 0       ; 0         ; 0    ; 0            ; 0          ; |Lab7|2Dec7Inv:inst11|Dec7Inv:inst|Decodificador7Seg:inst2|5or:inst55               ; 5or               ; work         ;
;    |2Dec7Inv:inst9|                       ; 14 (0)              ; 0 (0)                     ; 0           ; 0          ; 0            ; 0       ; 0         ; 0    ; 0            ; 0          ; |Lab7|2Dec7Inv:inst9                                                                ; 2Dec7Inv          ; work         ;
;       |Dec7Inv:inst1|                     ; 7 (0)               ; 0 (0)                     ; 0           ; 0          ; 0            ; 0       ; 0         ; 0    ; 0            ; 0          ; |Lab7|2Dec7Inv:inst9|Dec7Inv:inst1                                                  ; Dec7Inv           ; work         ;
;          |Decodificador7Seg:inst2|        ; 7 (2)               ; 0 (0)                     ; 0           ; 0          ; 0            ; 0       ; 0         ; 0    ; 0            ; 0          ; |Lab7|2Dec7Inv:inst9|Dec7Inv:inst1|Decodificador7Seg:inst2                          ; Decodificador7Seg ; work         ;
;             |5or:inst51|                  ; 1 (1)               ; 0 (0)                     ; 0           ; 0          ; 0            ; 0       ; 0         ; 0    ; 0            ; 0          ; |Lab7|2Dec7Inv:inst9|Dec7Inv:inst1|Decodificador7Seg:inst2|5or:inst51               ; 5or               ; work         ;
;             |5or:inst52|                  ; 1 (1)               ; 0 (0)                     ; 0           ; 0          ; 0            ; 0       ; 0         ; 0    ; 0            ; 0          ; |Lab7|2Dec7Inv:inst9|Dec7Inv:inst1|Decodificador7Seg:inst2|5or:inst52               ; 5or               ; work         ;
;             |5or:inst53|                  ; 1 (1)               ; 0 (0)                     ; 0           ; 0          ; 0            ; 0       ; 0         ; 0    ; 0            ; 0          ; |Lab7|2Dec7Inv:inst9|Dec7Inv:inst1|Decodificador7Seg:inst2|5or:inst53               ; 5or               ; work         ;
;             |5or:inst54|                  ; 1 (1)               ; 0 (0)                     ; 0           ; 0          ; 0            ; 0       ; 0         ; 0    ; 0            ; 0          ; |Lab7|2Dec7Inv:inst9|Dec7Inv:inst1|Decodificador7Seg:inst2|5or:inst54               ; 5or               ; work         ;
;             |5or:inst55|                  ; 1 (1)               ; 0 (0)                     ; 0           ; 0          ; 0            ; 0       ; 0         ; 0    ; 0            ; 0          ; |Lab7|2Dec7Inv:inst9|Dec7Inv:inst1|Decodificador7Seg:inst2|5or:inst55               ; 5or               ; work         ;
;       |Dec7Inv:inst|                      ; 7 (0)               ; 0 (0)                     ; 0           ; 0          ; 0            ; 0       ; 0         ; 0    ; 0            ; 0          ; |Lab7|2Dec7Inv:inst9|Dec7Inv:inst                                                   ; Dec7Inv           ; work         ;
;          |Decodificador7Seg:inst2|        ; 7 (2)               ; 0 (0)                     ; 0           ; 0          ; 0            ; 0       ; 0         ; 0    ; 0            ; 0          ; |Lab7|2Dec7Inv:inst9|Dec7Inv:inst|Decodificador7Seg:inst2                           ; Decodificador7Seg ; work         ;
;             |5or:inst51|                  ; 1 (1)               ; 0 (0)                     ; 0           ; 0          ; 0            ; 0       ; 0         ; 0    ; 0            ; 0          ; |Lab7|2Dec7Inv:inst9|Dec7Inv:inst|Decodificador7Seg:inst2|5or:inst51                ; 5or               ; work         ;
;             |5or:inst52|                  ; 1 (1)               ; 0 (0)                     ; 0           ; 0          ; 0            ; 0       ; 0         ; 0    ; 0            ; 0          ; |Lab7|2Dec7Inv:inst9|Dec7Inv:inst|Decodificador7Seg:inst2|5or:inst52                ; 5or               ; work         ;
;             |5or:inst53|                  ; 1 (1)               ; 0 (0)                     ; 0           ; 0          ; 0            ; 0       ; 0         ; 0    ; 0            ; 0          ; |Lab7|2Dec7Inv:inst9|Dec7Inv:inst|Decodificador7Seg:inst2|5or:inst53                ; 5or               ; work         ;
;             |5or:inst54|                  ; 1 (1)               ; 0 (0)                     ; 0           ; 0          ; 0            ; 0       ; 0         ; 0    ; 0            ; 0          ; |Lab7|2Dec7Inv:inst9|Dec7Inv:inst|Decodificador7Seg:inst2|5or:inst54                ; 5or               ; work         ;
;             |5or:inst55|                  ; 1 (1)               ; 0 (0)                     ; 0           ; 0          ; 0            ; 0       ; 0         ; 0    ; 0            ; 0          ; |Lab7|2Dec7Inv:inst9|Dec7Inv:inst|Decodificador7Seg:inst2|5or:inst55                ; 5or               ; work         ;
;    |Cont_proj:inst|                       ; 7 (0)               ; 18 (0)                    ; 0           ; 0          ; 0            ; 0       ; 0         ; 0    ; 0            ; 0          ; |Lab7|Cont_proj:inst                                                                ; Cont_proj         ; work         ;
;       |Contador_proj:inst|                ; 7 (7)               ; 18 (18)                   ; 0           ; 0          ; 0            ; 0       ; 0         ; 0    ; 0            ; 0          ; |Lab7|Cont_proj:inst|Contador_proj:inst                                             ; Contador_proj     ; work         ;
;    |Contadorx256:inst6|                   ; 8 (8)               ; 8 (8)                     ; 0           ; 0          ; 0            ; 0       ; 0         ; 0    ; 0            ; 0          ; |Lab7|Contadorx256:inst6                                                            ; Contadorx256      ; work         ;
;    |Dec7Inv:inst12|                       ; 7 (0)               ; 0 (0)                     ; 0           ; 0          ; 0            ; 0       ; 0         ; 0    ; 0            ; 0          ; |Lab7|Dec7Inv:inst12                                                                ; Dec7Inv           ; work         ;
;       |Decodificador7Seg:inst2|           ; 7 (2)               ; 0 (0)                     ; 0           ; 0          ; 0            ; 0       ; 0         ; 0    ; 0            ; 0          ; |Lab7|Dec7Inv:inst12|Decodificador7Seg:inst2                                        ; Decodificador7Seg ; work         ;
;          |5or:inst51|                     ; 1 (1)               ; 0 (0)                     ; 0           ; 0          ; 0            ; 0       ; 0         ; 0    ; 0            ; 0          ; |Lab7|Dec7Inv:inst12|Decodificador7Seg:inst2|5or:inst51                             ; 5or               ; work         ;
;          |5or:inst52|                     ; 1 (1)               ; 0 (0)                     ; 0           ; 0          ; 0            ; 0       ; 0         ; 0    ; 0            ; 0          ; |Lab7|Dec7Inv:inst12|Decodificador7Seg:inst2|5or:inst52                             ; 5or               ; work         ;
;          |5or:inst53|                     ; 1 (1)               ; 0 (0)                     ; 0           ; 0          ; 0            ; 0       ; 0         ; 0    ; 0            ; 0          ; |Lab7|Dec7Inv:inst12|Decodificador7Seg:inst2|5or:inst53                             ; 5or               ; work         ;
;          |5or:inst54|                     ; 1 (1)               ; 0 (0)                     ; 0           ; 0          ; 0            ; 0       ; 0         ; 0    ; 0            ; 0          ; |Lab7|Dec7Inv:inst12|Decodificador7Seg:inst2|5or:inst54                             ; 5or               ; work         ;
;          |5or:inst55|                     ; 1 (1)               ; 0 (0)                     ; 0           ; 0          ; 0            ; 0       ; 0         ; 0    ; 0            ; 0          ; |Lab7|Dec7Inv:inst12|Decodificador7Seg:inst2|5or:inst55                             ; 5or               ; work         ;
;    |Detector53:inst3|                     ; 14 (14)             ; 12 (12)                   ; 0           ; 0          ; 0            ; 0       ; 0         ; 0    ; 0            ; 0          ; |Lab7|Detector53:inst3                                                              ; Detector53        ; work         ;
;    |PIPO8_vetor:inst10|                   ; 0 (0)               ; 8 (0)                     ; 0           ; 0          ; 0            ; 0       ; 0         ; 0    ; 0            ; 0          ; |Lab7|PIPO8_vetor:inst10                                                            ; PIPO8_vetor       ; work         ;
;       |PIPO8:inst|                        ; 0 (0)               ; 8 (8)                     ; 0           ; 0          ; 0            ; 0       ; 0         ; 0    ; 0            ; 0          ; |Lab7|PIPO8_vetor:inst10|PIPO8:inst                                                 ; PIPO8             ; work         ;
;    |PIPO8_vetor:inst2|                    ; 0 (0)               ; 8 (0)                     ; 0           ; 0          ; 0            ; 0       ; 0         ; 0    ; 0            ; 0          ; |Lab7|PIPO8_vetor:inst2                                                             ; PIPO8_vetor       ; work         ;
;       |PIPO8:inst|                        ; 0 (0)               ; 8 (8)                     ; 0           ; 0          ; 0            ; 0       ; 0         ; 0    ; 0            ; 0          ; |Lab7|PIPO8_vetor:inst2|PIPO8:inst                                                  ; PIPO8             ; work         ;
;    |PISO8_vetor:inst7|                    ; 7 (0)               ; 8 (0)                     ; 0           ; 0          ; 0            ; 0       ; 0         ; 0    ; 0            ; 0          ; |Lab7|PISO8_vetor:inst7                                                             ; PISO8_vetor       ; work         ;
;       |PISO8:inst|                        ; 7 (0)               ; 8 (8)                     ; 0           ; 0          ; 0            ; 0       ; 0         ; 0    ; 0            ; 0          ; |Lab7|PISO8_vetor:inst7|PISO8:inst                                                  ; PISO8             ; work         ;
;          |AouB:inst10|                    ; 1 (1)               ; 0 (0)                     ; 0           ; 0          ; 0            ; 0       ; 0         ; 0    ; 0            ; 0          ; |Lab7|PISO8_vetor:inst7|PISO8:inst|AouB:inst10                                      ; AouB              ; work         ;
;          |AouB:inst11|                    ; 1 (1)               ; 0 (0)                     ; 0           ; 0          ; 0            ; 0       ; 0         ; 0    ; 0            ; 0          ; |Lab7|PISO8_vetor:inst7|PISO8:inst|AouB:inst11                                      ; AouB              ; work         ;
;          |AouB:inst12|                    ; 1 (1)               ; 0 (0)                     ; 0           ; 0          ; 0            ; 0       ; 0         ; 0    ; 0            ; 0          ; |Lab7|PISO8_vetor:inst7|PISO8:inst|AouB:inst12                                      ; AouB              ; work         ;
;          |AouB:inst13|                    ; 1 (1)               ; 0 (0)                     ; 0           ; 0          ; 0            ; 0       ; 0         ; 0    ; 0            ; 0          ; |Lab7|PISO8_vetor:inst7|PISO8:inst|AouB:inst13                                      ; AouB              ; work         ;
;          |AouB:inst14|                    ; 1 (1)               ; 0 (0)                     ; 0           ; 0          ; 0            ; 0       ; 0         ; 0    ; 0            ; 0          ; |Lab7|PISO8_vetor:inst7|PISO8:inst|AouB:inst14                                      ; AouB              ; work         ;
;          |AouB:inst15|                    ; 1 (1)               ; 0 (0)                     ; 0           ; 0          ; 0            ; 0       ; 0         ; 0    ; 0            ; 0          ; |Lab7|PISO8_vetor:inst7|PISO8:inst|AouB:inst15                                      ; AouB              ; work         ;
;          |AouB:inst16|                    ; 1 (1)               ; 0 (0)                     ; 0           ; 0          ; 0            ; 0       ; 0         ; 0    ; 0            ; 0          ; |Lab7|PISO8_vetor:inst7|PISO8:inst|AouB:inst16                                      ; AouB              ; work         ;
;    |Timing_Reference:inst14|              ; 56 (56)             ; 33 (33)                   ; 0           ; 0          ; 0            ; 0       ; 0         ; 0    ; 0            ; 0          ; |Lab7|Timing_Reference:inst14                                                       ; Timing_Reference  ; work         ;
;    |minharom:inst1|                       ; 0 (0)               ; 0 (0)                     ; 2048        ; 0          ; 0            ; 0       ; 0         ; 0    ; 0            ; 0          ; |Lab7|minharom:inst1                                                                ; minharom          ; work         ;
;       |altsyncram:altsyncram_component|   ; 0 (0)               ; 0 (0)                     ; 2048        ; 0          ; 0            ; 0       ; 0         ; 0    ; 0            ; 0          ; |Lab7|minharom:inst1|altsyncram:altsyncram_component                                ; altsyncram        ; work         ;
;          |altsyncram_lc91:auto_generated| ; 0 (0)               ; 0 (0)                     ; 2048        ; 0          ; 0            ; 0       ; 0         ; 0    ; 0            ; 0          ; |Lab7|minharom:inst1|altsyncram:altsyncram_component|altsyncram_lc91:auto_generated ; altsyncram_lc91   ; work         ;
+-------------------------------------------+---------------------+---------------------------+-------------+------------+--------------+---------+-----------+------+--------------+------------+-------------------------------------------------------------------------------------+-------------------+--------------+
Note: For table entries with two numbers listed, the numbers in parentheses indicate the number of resources of the given type used by the specific entity alone. The numbers listed outside of parentheses indicate the total resources of the given type used by the specific entity and all of its sub-entities in the hierarchy.


+-------------------------------------------------------------------------------------------------------------------------------------------------------------------------------------------+
; Analysis & Synthesis RAM Summary                                                                                                                                                          ;
+------------------------------------------------------------------------------------------+------+------+--------------+--------------+--------------+--------------+------+---------------+
; Name                                                                                     ; Type ; Mode ; Port A Depth ; Port A Width ; Port B Depth ; Port B Width ; Size ; MIF           ;
+------------------------------------------------------------------------------------------+------+------+--------------+--------------+--------------+--------------+------+---------------+
; minharom:inst1|altsyncram:altsyncram_component|altsyncram_lc91:auto_generated|ALTSYNCRAM ; AUTO ; ROM  ; 256          ; 8            ; --           ; --           ; 2048 ; ROM_256_8.hex ;
+------------------------------------------------------------------------------------------+------+------+--------------+--------------+--------------+--------------+------+---------------+


+--------------------------------------------------------------------------------------------------------+
; Analysis & Synthesis IP Cores Summary                                                                  ;
+--------+--------------+---------+--------------+--------------+----------------------+-----------------+
; Vendor ; IP Core Name ; Version ; Release Date ; License Type ; Entity Instance      ; IP Include File ;
+--------+--------------+---------+--------------+--------------+----------------------+-----------------+
; Altera ; ROM: 1-PORT  ; 18.1    ; N/A          ; N/A          ; |Lab7|minharom:inst1 ; minharom.v      ;
+--------+--------------+---------+--------------+--------------+----------------------+-----------------+


Encoding Type:  One-Hot
+-----------------------------------------------------------------------------------------------------------+
; State Machine - |Lab7|Detector53:inst3|estado                                                             ;
+-----------+-----------+-----------+-----------+-----------+-----------+-----------+-----------+-----------+
; Name      ; estado.s7 ; estado.s6 ; estado.s5 ; estado.s4 ; estado.s3 ; estado.s2 ; estado.s1 ; estado.s0 ;
+-----------+-----------+-----------+-----------+-----------+-----------+-----------+-----------+-----------+
; estado.s0 ; 0         ; 0         ; 0         ; 0         ; 0         ; 0         ; 0         ; 0         ;
; estado.s1 ; 0         ; 0         ; 0         ; 0         ; 0         ; 0         ; 1         ; 1         ;
; estado.s2 ; 0         ; 0         ; 0         ; 0         ; 0         ; 1         ; 0         ; 1         ;
; estado.s3 ; 0         ; 0         ; 0         ; 0         ; 1         ; 0         ; 0         ; 1         ;
; estado.s4 ; 0         ; 0         ; 0         ; 1         ; 0         ; 0         ; 0         ; 1         ;
; estado.s5 ; 0         ; 0         ; 1         ; 0         ; 0         ; 0         ; 0         ; 1         ;
; estado.s6 ; 0         ; 1         ; 0         ; 0         ; 0         ; 0         ; 0         ; 1         ;
; estado.s7 ; 1         ; 0         ; 0         ; 0         ; 0         ; 0         ; 0         ; 1         ;
+-----------+-----------+-----------+-----------+-----------+-----------+-----------+-----------+-----------+


Encoding Type:  One-Hot
+------------------------------------------------------------------------------------------------------------------------------------------------------------------------------------------------------------------+
; State Machine - |Lab7|Cont_proj:inst|Contador_proj:inst|estado                                                                                                                                                   ;
+------------+-----------+------------+------------+------------+------------+------------+-----------+-----------+-----------+-----------+-----------+-----------+-----------+-----------+-----------+------------+
; Name       ; estado.s0 ; estado.s14 ; estado.s13 ; estado.s12 ; estado.s11 ; estado.s10 ; estado.s9 ; estado.s8 ; estado.s7 ; estado.s6 ; estado.s5 ; estado.s4 ; estado.s3 ; estado.s2 ; estado.s1 ; estado.s15 ;
+------------+-----------+------------+------------+------------+------------+------------+-----------+-----------+-----------+-----------+-----------+-----------+-----------+-----------+-----------+------------+
; estado.s15 ; 0         ; 0          ; 0          ; 0          ; 0          ; 0          ; 0         ; 0         ; 0         ; 0         ; 0         ; 0         ; 0         ; 0         ; 0         ; 0          ;
; estado.s1  ; 0         ; 0          ; 0          ; 0          ; 0          ; 0          ; 0         ; 0         ; 0         ; 0         ; 0         ; 0         ; 0         ; 0         ; 1         ; 1          ;
; estado.s2  ; 0         ; 0          ; 0          ; 0          ; 0          ; 0          ; 0         ; 0         ; 0         ; 0         ; 0         ; 0         ; 0         ; 1         ; 0         ; 1          ;
; estado.s3  ; 0         ; 0          ; 0          ; 0          ; 0          ; 0          ; 0         ; 0         ; 0         ; 0         ; 0         ; 0         ; 1         ; 0         ; 0         ; 1          ;
; estado.s4  ; 0         ; 0          ; 0          ; 0          ; 0          ; 0          ; 0         ; 0         ; 0         ; 0         ; 0         ; 1         ; 0         ; 0         ; 0         ; 1          ;
; estado.s5  ; 0         ; 0          ; 0          ; 0          ; 0          ; 0          ; 0         ; 0         ; 0         ; 0         ; 1         ; 0         ; 0         ; 0         ; 0         ; 1          ;
; estado.s6  ; 0         ; 0          ; 0          ; 0          ; 0          ; 0          ; 0         ; 0         ; 0         ; 1         ; 0         ; 0         ; 0         ; 0         ; 0         ; 1          ;
; estado.s7  ; 0         ; 0          ; 0          ; 0          ; 0          ; 0          ; 0         ; 0         ; 1         ; 0         ; 0         ; 0         ; 0         ; 0         ; 0         ; 1          ;
; estado.s8  ; 0         ; 0          ; 0          ; 0          ; 0          ; 0          ; 0         ; 1         ; 0         ; 0         ; 0         ; 0         ; 0         ; 0         ; 0         ; 1          ;
; estado.s9  ; 0         ; 0          ; 0          ; 0          ; 0          ; 0          ; 1         ; 0         ; 0         ; 0         ; 0         ; 0         ; 0         ; 0         ; 0         ; 1          ;
; estado.s10 ; 0         ; 0          ; 0          ; 0          ; 0          ; 1          ; 0         ; 0         ; 0         ; 0         ; 0         ; 0         ; 0         ; 0         ; 0         ; 1          ;
; estado.s11 ; 0         ; 0          ; 0          ; 0          ; 1          ; 0          ; 0         ; 0         ; 0         ; 0         ; 0         ; 0         ; 0         ; 0         ; 0         ; 1          ;
; estado.s12 ; 0         ; 0          ; 0          ; 1          ; 0          ; 0          ; 0         ; 0         ; 0         ; 0         ; 0         ; 0         ; 0         ; 0         ; 0         ; 1          ;
; estado.s13 ; 0         ; 0          ; 1          ; 0          ; 0          ; 0          ; 0         ; 0         ; 0         ; 0         ; 0         ; 0         ; 0         ; 0         ; 0         ; 1          ;
; estado.s14 ; 0         ; 1          ; 0          ; 0          ; 0          ; 0          ; 0         ; 0         ; 0         ; 0         ; 0         ; 0         ; 0         ; 0         ; 0         ; 1          ;
; estado.s0  ; 1         ; 0          ; 0          ; 0          ; 0          ; 0          ; 0         ; 0         ; 0         ; 0         ; 0         ; 0         ; 0         ; 0         ; 0         ; 1          ;
+------------+-----------+------------+------------+------------+------------+------------+-----------+-----------+-----------+-----------+-----------+-----------+-----------+-----------+-----------+------------+


+------------------------------------------------------------+
; Registers Removed During Synthesis                         ;
+---------------------------------------+--------------------+
; Register name                         ; Reason for Removal ;
+---------------------------------------+--------------------+
; Contadorx256:inst6|contagem[8]        ; Lost fanout        ;
; Total Number of Removed Registers = 1 ;                    ;
+---------------------------------------+--------------------+


+------------------------------------------------------+
; General Register Statistics                          ;
+----------------------------------------------+-------+
; Statistic                                    ; Value ;
+----------------------------------------------+-------+
; Total registers                              ; 100   ;
; Number of registers using Synchronous Clear  ; 0     ;
; Number of registers using Synchronous Load   ; 0     ;
; Number of registers using Asynchronous Clear ; 61    ;
; Number of registers using Asynchronous Load  ; 0     ;
; Number of registers using Clock Enable       ; 30    ;
; Number of registers using Preset             ; 0     ;
+----------------------------------------------+-------+


+--------------------------------------------------+
; Inverted Register Statistics                     ;
+----------------------------------------+---------+
; Inverted Register                      ; Fan out ;
+----------------------------------------+---------+
; inst4                                  ; 26      ;
; Timing_Reference:inst14|count[0]       ; 2       ;
; Total number of inverted registers = 2 ;         ;
+----------------------------------------+---------+


+------------------------------------------------------------------------------------------------------+
; Source assignments for minharom:inst1|altsyncram:altsyncram_component|altsyncram_lc91:auto_generated ;
+---------------------------------+--------------------+------+----------------------------------------+
; Assignment                      ; Value              ; From ; To                                     ;
+---------------------------------+--------------------+------+----------------------------------------+
; OPTIMIZE_POWER_DURING_SYNTHESIS ; NORMAL_COMPILATION ; -    ; -                                      ;
+---------------------------------+--------------------+------+----------------------------------------+


+---------------------------------------------------------------------------------------------+
; Parameter Settings for User Entity Instance: minharom:inst1|altsyncram:altsyncram_component ;
+------------------------------------+----------------------+---------------------------------+
; Parameter Name                     ; Value                ; Type                            ;
+------------------------------------+----------------------+---------------------------------+
; BYTE_SIZE_BLOCK                    ; 8                    ; Untyped                         ;
; AUTO_CARRY_CHAINS                  ; ON                   ; AUTO_CARRY                      ;
; IGNORE_CARRY_BUFFERS               ; OFF                  ; IGNORE_CARRY                    ;
; AUTO_CASCADE_CHAINS                ; ON                   ; AUTO_CASCADE                    ;
; IGNORE_CASCADE_BUFFERS             ; OFF                  ; IGNORE_CASCADE                  ;
; WIDTH_BYTEENA                      ; 1                    ; Untyped                         ;
; OPERATION_MODE                     ; ROM                  ; Untyped                         ;
; WIDTH_A                            ; 8                    ; Signed Integer                  ;
; WIDTHAD_A                          ; 8                    ; Signed Integer                  ;
; NUMWORDS_A                         ; 256                  ; Signed Integer                  ;
; OUTDATA_REG_A                      ; UNREGISTERED         ; Untyped                         ;
; ADDRESS_ACLR_A                     ; NONE                 ; Untyped                         ;
; OUTDATA_ACLR_A                     ; NONE                 ; Untyped                         ;
; WRCONTROL_ACLR_A                   ; NONE                 ; Untyped                         ;
; INDATA_ACLR_A                      ; NONE                 ; Untyped                         ;
; BYTEENA_ACLR_A                     ; NONE                 ; Untyped                         ;
; WIDTH_B                            ; 1                    ; Untyped                         ;
; WIDTHAD_B                          ; 1                    ; Untyped                         ;
; NUMWORDS_B                         ; 1                    ; Untyped                         ;
; INDATA_REG_B                       ; CLOCK1               ; Untyped                         ;
; WRCONTROL_WRADDRESS_REG_B          ; CLOCK1               ; Untyped                         ;
; RDCONTROL_REG_B                    ; CLOCK1               ; Untyped                         ;
; ADDRESS_REG_B                      ; CLOCK1               ; Untyped                         ;
; OUTDATA_REG_B                      ; UNREGISTERED         ; Untyped                         ;
; BYTEENA_REG_B                      ; CLOCK1               ; Untyped                         ;
; INDATA_ACLR_B                      ; NONE                 ; Untyped                         ;
; WRCONTROL_ACLR_B                   ; NONE                 ; Untyped                         ;
; ADDRESS_ACLR_B                     ; NONE                 ; Untyped                         ;
; OUTDATA_ACLR_B                     ; NONE                 ; Untyped                         ;
; RDCONTROL_ACLR_B                   ; NONE                 ; Untyped                         ;
; BYTEENA_ACLR_B                     ; NONE                 ; Untyped                         ;
; WIDTH_BYTEENA_A                    ; 1                    ; Signed Integer                  ;
; WIDTH_BYTEENA_B                    ; 1                    ; Untyped                         ;
; RAM_BLOCK_TYPE                     ; AUTO                 ; Untyped                         ;
; BYTE_SIZE                          ; 8                    ; Untyped                         ;
; READ_DURING_WRITE_MODE_MIXED_PORTS ; DONT_CARE            ; Untyped                         ;
; READ_DURING_WRITE_MODE_PORT_A      ; NEW_DATA_NO_NBE_READ ; Untyped                         ;
; READ_DURING_WRITE_MODE_PORT_B      ; NEW_DATA_NO_NBE_READ ; Untyped                         ;
; INIT_FILE                          ; ROM_256_8.hex        ; Untyped                         ;
; INIT_FILE_LAYOUT                   ; PORT_A               ; Untyped                         ;
; MAXIMUM_DEPTH                      ; 0                    ; Untyped                         ;
; CLOCK_ENABLE_INPUT_A               ; BYPASS               ; Untyped                         ;
; CLOCK_ENABLE_INPUT_B               ; NORMAL               ; Untyped                         ;
; CLOCK_ENABLE_OUTPUT_A              ; BYPASS               ; Untyped                         ;
; CLOCK_ENABLE_OUTPUT_B              ; NORMAL               ; Untyped                         ;
; CLOCK_ENABLE_CORE_A                ; USE_INPUT_CLKEN      ; Untyped                         ;
; CLOCK_ENABLE_CORE_B                ; USE_INPUT_CLKEN      ; Untyped                         ;
; ENABLE_ECC                         ; FALSE                ; Untyped                         ;
; ECC_PIPELINE_STAGE_ENABLED         ; FALSE                ; Untyped                         ;
; WIDTH_ECCSTATUS                    ; 3                    ; Untyped                         ;
; DEVICE_FAMILY                      ; MAX 10               ; Untyped                         ;
; CBXI_PARAMETER                     ; altsyncram_lc91      ; Untyped                         ;
+------------------------------------+----------------------+---------------------------------+
Note: In order to hide this table in the UI and the text report file, please set the "Show Parameter Settings in Synthesis Report" option in "Analysis and Synthesis Settings -> More Settings" to "Off".


+--------------------------------------------------------------------------------------------+
; altsyncram Parameter Settings by Entity Instance                                           ;
+-------------------------------------------+------------------------------------------------+
; Name                                      ; Value                                          ;
+-------------------------------------------+------------------------------------------------+
; Number of entity instances                ; 1                                              ;
; Entity Instance                           ; minharom:inst1|altsyncram:altsyncram_component ;
;     -- OPERATION_MODE                     ; ROM                                            ;
;     -- WIDTH_A                            ; 8                                              ;
;     -- NUMWORDS_A                         ; 256                                            ;
;     -- OUTDATA_REG_A                      ; UNREGISTERED                                   ;
;     -- WIDTH_B                            ; 1                                              ;
;     -- NUMWORDS_B                         ; 1                                              ;
;     -- ADDRESS_REG_B                      ; CLOCK1                                         ;
;     -- OUTDATA_REG_B                      ; UNREGISTERED                                   ;
;     -- RAM_BLOCK_TYPE                     ; AUTO                                           ;
;     -- READ_DURING_WRITE_MODE_MIXED_PORTS ; DONT_CARE                                      ;
+-------------------------------------------+------------------------------------------------+


+-----------------------------------------------------+
; Post-Synthesis Netlist Statistics for Top Partition ;
+-----------------------+-----------------------------+
; Type                  ; Count                       ;
+-----------------------+-----------------------------+
; boundary_port         ; 39                          ;
; cycloneiii_ff         ; 100                         ;
;     CLR               ; 37                          ;
;     ENA               ; 6                           ;
;     ENA CLR           ; 24                          ;
;     plain             ; 33                          ;
; cycloneiii_lcell_comb ; 164                         ;
;     arith             ; 37                          ;
;         2 data inputs ; 36                          ;
;         3 data inputs ; 1                           ;
;     normal            ; 127                         ;
;         1 data inputs ; 42                          ;
;         2 data inputs ; 10                          ;
;         3 data inputs ; 29                          ;
;         4 data inputs ; 46                          ;
; cycloneiii_ram_block  ; 8                           ;
;                       ;                             ;
; Max LUT depth         ; 4.10                        ;
; Average LUT depth     ; 2.23                        ;
+-----------------------+-----------------------------+


+-------------------------------+
; Elapsed Time Per Partition    ;
+----------------+--------------+
; Partition Name ; Elapsed Time ;
+----------------+--------------+
; Top            ; 00:00:00     ;
+----------------+--------------+


+-------------------------------+
; Analysis & Synthesis Messages ;
+-------------------------------+
Info: *******************************************************************
Info: Running Quartus Prime Analysis & Synthesis
    Info: Version 18.1.0 Build 625 09/12/2018 SJ Lite Edition
    Info: Processing started: Mon Dec 05 10:12:30 2022
Info: Command: quartus_map --read_settings_files=on --write_settings_files=off Lab7 -c Lab7
Warning (18236): Number of processors has not been specified which may cause overloading on shared machines.  Set the global assignment NUM_PARALLEL_PROCESSORS in your QSF to an appropriate value for best performance.
Info (20030): Parallel compilation is enabled and will use 4 of the 4 processors detected
Info (12021): Found 1 design units, including 1 entities, in source file lab7.bdf
    Info (12023): Found entity 1: Lab7
Info (12021): Found 2 design units, including 1 entities, in source file contadorx256.vhd
    Info (12022): Found design unit 1: Contadorx256-i File: C:/Users/Avell/Desktop/Projetos_digitais/Lab7/Contadorx256.vhd Line: 13
    Info (12023): Found entity 1: Contadorx256 File: C:/Users/Avell/Desktop/Projetos_digitais/Lab7/Contadorx256.vhd Line: 6
Info (12021): Found 2 design units, including 1 entities, in source file detector53.vhd
    Info (12022): Found design unit 1: Detector53-funcionamento File: C:/Users/Avell/Desktop/Projetos_digitais/Lab7/Detector53.vhd Line: 15
    Info (12023): Found entity 1: Detector53 File: C:/Users/Avell/Desktop/Projetos_digitais/Lab7/Detector53.vhd Line: 6
Warning (12019): Can't analyze file -- file clock_1_8.vhd is missing
Info (12021): Found 1 design units, including 1 entities, in source file clock1_8.bdf
    Info (12023): Found entity 1: clock1_8
Info (12021): Found 1 design units, including 1 entities, in source file minharom.v
    Info (12023): Found entity 1: minharom File: C:/Users/Avell/Desktop/Projetos_digitais/Lab7/minharom.v Line: 39
Info (12021): Found 1 design units, including 1 entities, in source file vetor7_1.bdf
    Info (12023): Found entity 1: vetor7_1
Info (12021): Found 1 design units, including 1 entities, in source file piso8_vetor.bdf
    Info (12023): Found entity 1: PISO8_vetor
Info (12021): Found 2 design units, including 1 entities, in source file contadorx8.vhd
    Info (12022): Found design unit 1: Contadorx8-funcionamento File: C:/Users/Avell/Desktop/Projetos_digitais/Lab7/Contadorx8.vhd Line: 14
    Info (12023): Found entity 1: Contadorx8 File: C:/Users/Avell/Desktop/Projetos_digitais/Lab7/Contadorx8.vhd Line: 6
Info (12021): Found 2 design units, including 1 entities, in source file contador_proj.vhd
    Info (12022): Found design unit 1: Contador_proj-funcionamento File: C:/Users/Avell/Desktop/Projetos_digitais/Lab7/Contador_proj.vhd Line: 14
    Info (12023): Found entity 1: Contador_proj File: C:/Users/Avell/Desktop/Projetos_digitais/Lab7/Contador_proj.vhd Line: 6
Info (12021): Found 1 design units, including 1 entities, in source file cont_proj.bdf
    Info (12023): Found entity 1: Cont_proj
Warning (12019): Can't analyze file -- file Cont_sinc_0_9.bdf is missing
Info (12021): Found 1 design units, including 1 entities, in source file /users/avell/desktop/projetos_digitais/repositorio/cont_sinc_0_f.bdf
    Info (12023): Found entity 1: Cont_sinc_0_F
Info (12021): Found 1 design units, including 1 entities, in source file cont_sinc_0_8.bdf
    Info (12023): Found entity 1: Cont_sinc_0_8
Info (12021): Found 1 design units, including 1 entities, in source file cont_sinc_proj.bdf
    Info (12023): Found entity 1: Cont_sinc_proj
Info (12021): Found 1 design units, including 1 entities, in source file vetor7_0_out.bdf
    Info (12023): Found entity 1: vetor7_0_out
Info (12021): Found 1 design units, including 1 entities, in source file pipo8_vetor.bdf
    Info (12023): Found entity 1: PIPO8_vetor
Info (12021): Found 1 design units, including 1 entities, in source file disp7x2.bdf
    Info (12023): Found entity 1: disp7x2
Info (12021): Found 1 design units, including 1 entities, in source file 2dec7inv.bdf
    Info (12023): Found entity 1: 2Dec7Inv
Info (12127): Elaborating entity "Lab7" for the top level hierarchy
Info (12128): Elaborating entity "Cont_proj" for hierarchy "Cont_proj:inst"
Info (12128): Elaborating entity "Contador_proj" for hierarchy "Cont_proj:inst|Contador_proj:inst"
Warning (12125): Using design file timing_reference.vhd, which is not specified as a design file for the current project, but contains definitions for 2 design units and 1 entities in project
    Info (12022): Found design unit 1: Timing_Reference-freq_div File: C:/Users/Avell/Desktop/Projetos_digitais/Lab7/timing_reference.vhd Line: 11
    Info (12023): Found entity 1: Timing_Reference File: C:/Users/Avell/Desktop/Projetos_digitais/Lab7/timing_reference.vhd Line: 5
Info (12128): Elaborating entity "Timing_Reference" for hierarchy "Timing_Reference:inst14"
Warning (10492): VHDL Process Statement warning at timing_reference.vhd(27): signal "tmp" is read inside the Process Statement but isn't in the Process Statement's sensitivity list File: C:/Users/Avell/Desktop/Projetos_digitais/Lab7/timing_reference.vhd Line: 27
Info (12128): Elaborating entity "Detector53" for hierarchy "Detector53:inst3"
Info (12128): Elaborating entity "PISO8_vetor" for hierarchy "PISO8_vetor:inst7"
Warning (12125): Using design file piso8.bdf, which is not specified as a design file for the current project, but contains definitions for 1 design units and 1 entities in project
    Info (12023): Found entity 1: PISO8
Info (12128): Elaborating entity "PISO8" for hierarchy "PISO8_vetor:inst7|PISO8:inst"
Warning (12125): Using design file aoub.bdf, which is not specified as a design file for the current project, but contains definitions for 1 design units and 1 entities in project
    Info (12023): Found entity 1: AouB
Info (12128): Elaborating entity "AouB" for hierarchy "PISO8_vetor:inst7|PISO8:inst|AouB:inst16"
Info (12128): Elaborating entity "vetor7_1" for hierarchy "PISO8_vetor:inst7|vetor7_1:inst2"
Info (12128): Elaborating entity "minharom" for hierarchy "minharom:inst1"
Info (12128): Elaborating entity "altsyncram" for hierarchy "minharom:inst1|altsyncram:altsyncram_component" File: C:/Users/Avell/Desktop/Projetos_digitais/Lab7/minharom.v Line: 81
Info (12130): Elaborated megafunction instantiation "minharom:inst1|altsyncram:altsyncram_component" File: C:/Users/Avell/Desktop/Projetos_digitais/Lab7/minharom.v Line: 81
Info (12133): Instantiated megafunction "minharom:inst1|altsyncram:altsyncram_component" with the following parameter: File: C:/Users/Avell/Desktop/Projetos_digitais/Lab7/minharom.v Line: 81
    Info (12134): Parameter "address_aclr_a" = "NONE"
    Info (12134): Parameter "clock_enable_input_a" = "BYPASS"
    Info (12134): Parameter "clock_enable_output_a" = "BYPASS"
    Info (12134): Parameter "init_file" = "ROM_256_8.hex"
    Info (12134): Parameter "intended_device_family" = "MAX 10"
    Info (12134): Parameter "lpm_hint" = "ENABLE_RUNTIME_MOD=NO"
    Info (12134): Parameter "lpm_type" = "altsyncram"
    Info (12134): Parameter "numwords_a" = "256"
    Info (12134): Parameter "operation_mode" = "ROM"
    Info (12134): Parameter "outdata_aclr_a" = "NONE"
    Info (12134): Parameter "outdata_reg_a" = "UNREGISTERED"
    Info (12134): Parameter "widthad_a" = "8"
    Info (12134): Parameter "width_a" = "8"
    Info (12134): Parameter "width_byteena_a" = "1"
Info (12021): Found 1 design units, including 1 entities, in source file db/altsyncram_lc91.tdf
    Info (12023): Found entity 1: altsyncram_lc91 File: C:/Users/Avell/Desktop/Projetos_digitais/Lab7/db/altsyncram_lc91.tdf Line: 27
Info (12128): Elaborating entity "altsyncram_lc91" for hierarchy "minharom:inst1|altsyncram:altsyncram_component|altsyncram_lc91:auto_generated" File: c:/intelfpga_lite/18.1/quartus/libraries/megafunctions/altsyncram.tdf Line: 791
Warning (113015): Width of data items in "ROM_256_8.hex" is greater than the memory width. Wrapping data items to subsequent addresses. Found 16 warnings, reporting 10 File: C:/Users/Avell/Desktop/Projetos_digitais/Lab7/ROM_256_8.hex Line: 1
    Warning (113009): Data at line (1) of memory initialization file "ROM_256_8.hex" is too wide to fit in one memory word. Wrapping data to subsequent addresses. File: C:/Users/Avell/Desktop/Projetos_digitais/Lab7/ROM_256_8.hex Line: 1
    Warning (113009): Data at line (2) of memory initialization file "ROM_256_8.hex" is too wide to fit in one memory word. Wrapping data to subsequent addresses. File: C:/Users/Avell/Desktop/Projetos_digitais/Lab7/ROM_256_8.hex Line: 2
    Warning (113009): Data at line (3) of memory initialization file "ROM_256_8.hex" is too wide to fit in one memory word. Wrapping data to subsequent addresses. File: C:/Users/Avell/Desktop/Projetos_digitais/Lab7/ROM_256_8.hex Line: 3
    Warning (113009): Data at line (4) of memory initialization file "ROM_256_8.hex" is too wide to fit in one memory word. Wrapping data to subsequent addresses. File: C:/Users/Avell/Desktop/Projetos_digitais/Lab7/ROM_256_8.hex Line: 4
    Warning (113009): Data at line (5) of memory initialization file "ROM_256_8.hex" is too wide to fit in one memory word. Wrapping data to subsequent addresses. File: C:/Users/Avell/Desktop/Projetos_digitais/Lab7/ROM_256_8.hex Line: 5
    Warning (113009): Data at line (6) of memory initialization file "ROM_256_8.hex" is too wide to fit in one memory word. Wrapping data to subsequent addresses. File: C:/Users/Avell/Desktop/Projetos_digitais/Lab7/ROM_256_8.hex Line: 6
    Warning (113009): Data at line (7) of memory initialization file "ROM_256_8.hex" is too wide to fit in one memory word. Wrapping data to subsequent addresses. File: C:/Users/Avell/Desktop/Projetos_digitais/Lab7/ROM_256_8.hex Line: 7
    Warning (113009): Data at line (8) of memory initialization file "ROM_256_8.hex" is too wide to fit in one memory word. Wrapping data to subsequent addresses. File: C:/Users/Avell/Desktop/Projetos_digitais/Lab7/ROM_256_8.hex Line: 8
    Warning (113009): Data at line (9) of memory initialization file "ROM_256_8.hex" is too wide to fit in one memory word. Wrapping data to subsequent addresses. File: C:/Users/Avell/Desktop/Projetos_digitais/Lab7/ROM_256_8.hex Line: 9
    Warning (113009): Data at line (10) of memory initialization file "ROM_256_8.hex" is too wide to fit in one memory word. Wrapping data to subsequent addresses. File: C:/Users/Avell/Desktop/Projetos_digitais/Lab7/ROM_256_8.hex Line: 10
Info (12128): Elaborating entity "Contadorx256" for hierarchy "Contadorx256:inst6"
Info (12128): Elaborating entity "2Dec7Inv" for hierarchy "2Dec7Inv:inst11"
Warning (12125): Using design file dec7inv.bdf, which is not specified as a design file for the current project, but contains definitions for 1 design units and 1 entities in project
    Info (12023): Found entity 1: Dec7Inv
Info (12128): Elaborating entity "Dec7Inv" for hierarchy "2Dec7Inv:inst11|Dec7Inv:inst1"
Warning (12125): Using design file inv7.bdf, which is not specified as a design file for the current project, but contains definitions for 1 design units and 1 entities in project
    Info (12023): Found entity 1: Inv7
Info (12128): Elaborating entity "Inv7" for hierarchy "2Dec7Inv:inst11|Dec7Inv:inst1|Inv7:inst"
Warning (12125): Using design file decodificador7seg.bdf, which is not specified as a design file for the current project, but contains definitions for 1 design units and 1 entities in project
    Info (12023): Found entity 1: Decodificador7Seg
Info (12128): Elaborating entity "Decodificador7Seg" for hierarchy "2Dec7Inv:inst11|Dec7Inv:inst1|Decodificador7Seg:inst2"
Warning (12125): Using design file 5or.bdf, which is not specified as a design file for the current project, but contains definitions for 1 design units and 1 entities in project
    Info (12023): Found entity 1: 5or
Info (12128): Elaborating entity "5or" for hierarchy "2Dec7Inv:inst11|Dec7Inv:inst1|Decodificador7Seg:inst2|5or:inst51"
Info (12128): Elaborating entity "PIPO8_vetor" for hierarchy "PIPO8_vetor:inst10"
Warning (275011): Block or symbol "NOT" of instance "inst5" overlaps another block or symbol
Info (12128): Elaborating entity "vetor7_0_out" for hierarchy "PIPO8_vetor:inst10|vetor7_0_out:inst3"
Warning (12125): Using design file pipo8.bdf, which is not specified as a design file for the current project, but contains definitions for 1 design units and 1 entities in project
    Info (12023): Found entity 1: PIPO8
Info (12128): Elaborating entity "PIPO8" for hierarchy "PIPO8_vetor:inst10|PIPO8:inst"
Info (13000): Registers with preset signals will power-up high
Info (13003): DEV_CLRn pin will set, and not reset, register with preset signal due to NOT Gate Push-Back
Info (286030): Timing-Driven Synthesis is running
Info (17049): 1 registers lost all their fanouts during netlist optimizations.
Info (16010): Generating hard_block partition "hard_block:auto_generated_inst"
    Info (16011): Adding 0 node(s), including 0 DDIO, 0 PLL, 0 transceiver and 0 LCELL
Info (21057): Implemented 211 device resources after synthesis - the final resource count might be different
    Info (21058): Implemented 3 input pins
    Info (21059): Implemented 36 output pins
    Info (21061): Implemented 164 logic cells
    Info (21064): Implemented 8 RAM segments
Info: Quartus Prime Analysis & Synthesis was successful. 0 errors, 24 warnings
    Info: Peak virtual memory: 4802 megabytes
    Info: Processing ended: Mon Dec 05 10:12:41 2022
    Info: Elapsed time: 00:00:11
    Info: Total CPU time (on all processors): 00:00:22


