


ARM Macro Assembler    Page 1 


    1 00000000         
    2 00000000         ; ------------------------------------------------------
                       -------------------------
    3 00000000                 THUMB                        ; Instruções do tip
                                                            o Thumb-2
    4 00000000         ; ------------------------------------------------------
                       -------------------------
    5 00000000         ; Declarações EQU - Defines
    6 00000000         ; ========================
    7 00000000         ; Definições dos Registradores Gerais
    8 00000000 400FE608 
                       SYSCTL_RCGCGPIO_R
                               EQU              0x400FE608
    9 00000000 400FEA08 
                       SYSCTL_PRGPIO_R
                               EQU              0x400FEA08
   10 00000000         ; ========================
   11 00000000         ; Definições dos Ports
   12 00000000         ; PORT J
   13 00000000 40060520 
                       GPIO_PORTJ_AHB_LOCK_J
                               EQU              0x40060520
   14 00000000 40060524 
                       GPIO_PORTJ_AHB_CR_J
                               EQU              0x40060524
   15 00000000 40060528 
                       GPIO_PORTJ_AHB_AMSEL_J
                               EQU              0x40060528
   16 00000000 4006052C 
                       GPIO_PORTJ_AHB_PCTL_J
                               EQU              0x4006052C
   17 00000000 40060400 
                       GPIO_PORTJ_AHB_DIR_J
                               EQU              0x40060400
   18 00000000 40060420 
                       GPIO_PORTJ_AHB_AFSEL_J
                               EQU              0x40060420
   19 00000000 4006051C 
                       GPIO_PORTJ_AHB_DEN_J
                               EQU              0x4006051C
   20 00000000 40060510 
                       GPIO_PORTJ_AHB_PUR_J
                               EQU              0x40060510
   21 00000000 400603FC 
                       GPIO_PORTJ_AHB_DATA_J
                               EQU              0x400603FC
   22 00000000 00000100 
                       GPIO_PORTJ
                               EQU              2_000000100000000
   23 00000000         ; PORT F
   24 00000000 4005D520 
                       GPIO_PORTF_AHB_LOCK_F
                               EQU              0x4005D520
   25 00000000 4005D524 
                       GPIO_PORTF_AHB_CR_F
                               EQU              0x4005D524
   26 00000000 4005D528 
                       GPIO_PORTF_AHB_AMSEL_F
                               EQU              0x4005D528



ARM Macro Assembler    Page 2 


   27 00000000 4005D52C 
                       GPIO_PORTF_AHB_PCTL_F
                               EQU              0x4005D52C
   28 00000000 4005D400 
                       GPIO_PORTF_AHB_DIR_F
                               EQU              0x4005D400
   29 00000000 4005D420 
                       GPIO_PORTF_AHB_AFSEL_F
                               EQU              0x4005D420
   30 00000000 4005D51C 
                       GPIO_PORTF_AHB_DEN_F
                               EQU              0x4005D51C
   31 00000000 4005D510 
                       GPIO_PORTF_AHB_PUR_F
                               EQU              0x4005D510
   32 00000000 4005D3FC 
                       GPIO_PORTF_AHB_DATA_F
                               EQU              0x4005D3FC
   33 00000000 00000020 
                       GPIO_PORTF
                               EQU              2_000000000100000
   34 00000000         ; PORT A
   35 00000000 40058520 
                       GPIO_PORTA_AHB_LOCK_A
                               EQU              0x40058520
   36 00000000 40058524 
                       GPIO_PORTA_AHB_CR_A
                               EQU              0x40058524
   37 00000000 40058528 
                       GPIO_PORTA_AHB_AMSEL_A
                               EQU              0x40058528
   38 00000000 4005852C 
                       GPIO_PORTA_AHB_PCTL_A
                               EQU              0x4005852C
   39 00000000 40058400 
                       GPIO_PORTA_AHB_DIR_A
                               EQU              0x40058400
   40 00000000 40058420 
                       GPIO_PORTA_AHB_AFSEL_A
                               EQU              0x40058420
   41 00000000 4005851C 
                       GPIO_PORTA_AHB_DEN_A
                               EQU              0x4005851C
   42 00000000 40058510 
                       GPIO_PORTA_AHB_PUR_A
                               EQU              0x40058510
   43 00000000 400583FC 
                       GPIO_PORTA_AHB_DATA_A
                               EQU              0x400583FC
   44 00000000 00000001 
                       GPIO_PORTA
                               EQU              2_000000000000001
   45 00000000         ; PORT Q
   46 00000000 40066520 
                       GPIO_PORTQ_AHB_LOCK_Q
                               EQU              0x40066520
   47 00000000 40066524 
                       GPIO_PORTQ_AHB_CR_Q
                               EQU              0x40066524



ARM Macro Assembler    Page 3 


   48 00000000 40066528 
                       GPIO_PORTQ_AHB_AMSEL_Q
                               EQU              0x40066528
   49 00000000 4006652C 
                       GPIO_PORTQ_AHB_PCTL_Q
                               EQU              0x4006652C
   50 00000000 40066400 
                       GPIO_PORTQ_AHB_DIR_Q
                               EQU              0x40066400
   51 00000000 40066420 
                       GPIO_PORTQ_AHB_AFSEL_Q
                               EQU              0x40066420
   52 00000000 4006651C 
                       GPIO_PORTQ_AHB_DEN_Q
                               EQU              0x4006651C
   53 00000000 40066510 
                       GPIO_PORTQ_AHB_PUR_Q
                               EQU              0x40066510
   54 00000000 400663FC 
                       GPIO_PORTQ_AHB_DATA_Q
                               EQU              0x400663FC
   55 00000000 00004000 
                       GPIO_PORTQ
                               EQU              2_100000000000000
   56 00000000         ; PORT P
   57 00000000 40065520 
                       GPIO_PORTP_AHB_LOCK_P
                               EQU              0x40065520
   58 00000000 40065524 
                       GPIO_PORTP_AHB_CR_P
                               EQU              0x40065524
   59 00000000 40065528 
                       GPIO_PORTP_AHB_AMSEL_P
                               EQU              0x40065528
   60 00000000 4006552C 
                       GPIO_PORTP_AHB_PCTL_P
                               EQU              0x4006552C
   61 00000000 40065400 
                       GPIO_PORTP_AHB_DIR_P
                               EQU              0x40065400
   62 00000000 40065420 
                       GPIO_PORTP_AHB_AFSEL_P
                               EQU              0x40065420
   63 00000000 4006551C 
                       GPIO_PORTP_AHB_DEN_P
                               EQU              0x4006551C
   64 00000000 40065510 
                       GPIO_PORTP_AHB_PUR_P
                               EQU              0x40065510
   65 00000000 400653FC 
                       GPIO_PORTP_AHB_DATA_P
                               EQU              0x400653FC
   66 00000000 00002000 
                       GPIO_PORTP
                               EQU              2_010000000000000
   67 00000000         ; PORT B
   68 00000000 40059520 
                       GPIO_PORTB_AHB_LOCK_B
                               EQU              0x40059520



ARM Macro Assembler    Page 4 


   69 00000000 40059524 
                       GPIO_PORTB_AHB_CR_B
                               EQU              0x40059524
   70 00000000 40059528 
                       GPIO_PORTB_AHB_AMSEL_B
                               EQU              0x40059528
   71 00000000 4005952C 
                       GPIO_PORTB_AHB_PCTL_B
                               EQU              0x4005952C
   72 00000000 40059400 
                       GPIO_PORTB_AHB_DIR_B
                               EQU              0x40059400
   73 00000000 40059420 
                       GPIO_PORTB_AHB_AFSEL_B
                               EQU              0x40059420
   74 00000000 4005951C 
                       GPIO_PORTB_AHB_DEN_B
                               EQU              0x4005951C
   75 00000000 40059510 
                       GPIO_PORTB_AHB_PUR_B
                               EQU              0x40059510
   76 00000000 400593FC 
                       GPIO_PORTB_AHB_DATA_B
                               EQU              0x400593FC
   77 00000000 00000002 
                       GPIO_PORTB
                               EQU              2_000000000000010
   78 00000000         
   79 00000000         ; ------------------------------------------------------
                       -------------------------
   80 00000000         ; Área de Código - Tudo abaixo da diretiva a seguir será
                        armazenado na memória de 
   81 00000000         ;                  código
   82 00000000                 AREA             |.text|, CODE, READONLY, ALIGN=
2
   83 00000000         
   84 00000000         ; Se alguma função do arquivo for chamada em outro arqui
                       vo 
   85 00000000                 EXPORT           GPIO_Init   ; Permite chamar GP
                                                            IO_Init de outro ar
                                                            quivo
   86 00000000                 EXPORT           PortF_Output ; Permite chamar P
                                                            ortF_Output de outr
                                                            o arquivo
   87 00000000                 EXPORT           PortJ_Input ; Permite chamar Po
                                                            rtJ_Input de outro 
                                                            arquivo
   88 00000000                 EXPORT           PortA_Output ; Permite chamar P
                                                            ortA_Output de outr
                                                            o arquivo
   89 00000000                 EXPORT           PortQ_Output ; Permite chamar P
                                                            ortQ_Output de outr
                                                            o arquivo
   90 00000000                 EXPORT           PortP_Output ; Permite chamar P
                                                            ortP_Output de outr
                                                            o arquiv0
   91 00000000                 EXPORT           PortB_Output ; Permite chamar P
                                                            ortB_Output de outr
                                                            o arquivo



ARM Macro Assembler    Page 5 


   92 00000000                 EXPORT           GPIO_PORTA_AHB_DATA_A
   93 00000000                 EXPORT           GPIO_PORTQ_AHB_DATA_Q
   94 00000000                 EXPORT           GPIO_PORTP_AHB_DATA_P
   95 00000000                 EXPORT           GPIO_PORTB_AHB_DATA_B
   96 00000000         
   97 00000000         ;-------------------------------------------------------
                       -------------------------
   98 00000000         ; Função GPIO_Init
   99 00000000         ; Parâmetro de entrada: Não tem
  100 00000000         ; Parâmetro de saída: Não tem
  101 00000000         GPIO_Init
  102 00000000         ;=====================
  103 00000000         ; 1. Ativar o clock para a porta setando o bit correspon
                       dente no registrador RCGCGPIO,
  104 00000000         ; após isso verificar no PRGPIO se a porta está pronta p
                       ara uso.
  105 00000000         ; enable clock to GPIOF at clock gating register
  106 00000000 4853            LDR              R0, =SYSCTL_RCGCGPIO_R ;Carrega
                                                             o endereço do regi
                                                            strador RCGCGPIO
  107 00000002 F04F 0120       MOV              R1, #GPIO_PORTF ;Seta o bit da 
                                                            porta F
  108 00000006 F441 7180       ORR              R1, #GPIO_PORTJ ;Seta o bit da 
                                                            porta J, fazendo co
                                                            m OR
  109 0000000A F041 0101       ORR              R1, #GPIO_PORTA ;Seta o bit da 
                                                            porta A
  110 0000000E F441 4180       ORR              R1, #GPIO_PORTQ ;Seta o bit da 
                                                            porta Q
  111 00000012 F441 5100       ORR              R1, #GPIO_PORTP ;Seta o bit da 
                                                            porta P
  112 00000016 F041 0102       ORR              R1, #GPIO_PORTB ;Seta o bit da 
                                                            porta B
  113 0000001A 6001            STR              R1, [R0]    ;Move para a memóri
                                                            a os bits das porta
                                                            s no endereço do RC
                                                            GCGPIO
  114 0000001C         
  115 0000001C 484D            LDR              R0, =SYSCTL_PRGPIO_R ;Carrega o
                                                             endereço do PRGPIO
                                                             para esperar os GP
                                                            IO ficarem prontos
  116 0000001E 6801    EsperaGPIO
                               LDR              R1, [R0]    ;Lê da memória o co
                                                            nteúdo do endereço 
                                                            do registrador
  117 00000020 F04F 0220       MOV              R2, #GPIO_PORTF ;Seta os bits c
                                                            orrespondentes às p
                                                            ortas para fazer a 
                                                            comparação
  118 00000024 F442 7280       ORR              R2, #GPIO_PORTJ ;Seta o bit da 
                                                            porta J, fazendo co
                                                            m OR
  119 00000028 F042 0201       ORR              R2, #GPIO_PORTA ;Seta os bits c
                                                            orrespondentes às p
                                                            ortas para fazer a 
                                                            comparação
  120 0000002C F442 4280       ORR              R2, #GPIO_PORTQ ;Seta os bits c
                                                            orrespondentes às p



ARM Macro Assembler    Page 6 


                                                            ortas para fazer a 
                                                            comparação
  121 00000030 F442 5200       ORR              R2, #GPIO_PORTP ;Seta os bits c
                                                            orrespondentes às p
                                                            ortas para fazer a 
                                                            comparação
  122 00000034 F042 0202       ORR              R2, #GPIO_PORTB ;Seta os bits c
                                                            orrespondentes às p
                                                            ortas para fazer a 
                                                            comparação
  123 00000038 4211            TST              R1, R2      ;ANDS de R1 com R2
  124 0000003A D0F0            BEQ              EsperaGPIO  ;Se o flag Z=1, vol
                                                            ta para o laço. Sen
                                                            ão continua executa
                                                            ndo
  125 0000003C         
  126 0000003C         ; 2. Limpar o AMSEL para desabilitar a analógica
  127 0000003C F04F 0100       MOV              R1, #0x00   ;Colocar 0 no regis
                                                            trador para desabil
                                                            itar a função analó
                                                            gica
  128 00000040 4845            LDR              R0, =GPIO_PORTJ_AHB_AMSEL_J ;Ca
                                                            rrega o R0 com o en
                                                            dereço do AMSEL par
                                                            a a porta J
  129 00000042 6001            STR              R1, [R0]    ;Guarda no registra
                                                            dor AMSEL da porta 
                                                            J da memória
  130 00000044 4845            LDR              R0, =GPIO_PORTF_AHB_AMSEL_F ;Ca
                                                            rrega o R0 com o en
                                                            dereço do AMSEL par
                                                            a a porta F
  131 00000046 6001            STR              R1, [R0]    ;Guarda no registra
                                                            dor AMSEL da porta 
                                                            F da memória
  132 00000048 4845            LDR              R0, =GPIO_PORTA_AHB_AMSEL_A ;Ca
                                                            rrega o R0 com o en
                                                            dereço do AMSEL par
                                                            a a porta A
  133 0000004A 6001            STR              R1, [R0]    ;Guarda no registra
                                                            dor AMSEL da porta 
                                                            F da memória
  134 0000004C 4845            LDR              R0, =GPIO_PORTQ_AHB_AMSEL_Q ;Ca
                                                            rrega o R0 com o en
                                                            dereço do AMSEL par
                                                            a a porta Q
  135 0000004E 6001            STR              R1, [R0]    ;Guarda no registra
                                                            dor AMSEL da porta 
                                                            F da memória
  136 00000050 4845            LDR              R0, =GPIO_PORTP_AHB_AMSEL_P ;Ca
                                                            rrega o R0 com o en
                                                            dereço do AMSEL par
                                                            a a porta P
  137 00000052 6001            STR              R1, [R0]    ;Guarda no registra
                                                            dor AMSEL da porta 
                                                            F da memória
  138 00000054 4845            LDR              R0, =GPIO_PORTB_AHB_AMSEL_B ;Ca
                                                            rrega o R0 com o en
                                                            dereço do AMSEL par



ARM Macro Assembler    Page 7 


                                                            a a porta B
  139 00000056 6001            STR              R1, [R0]    ;Guarda no registra
                                                            dor AMSEL da porta 
                                                            F da memória
  140 00000058         
  141 00000058         ; 3. Limpar PCTL para selecionar o GPIO
  142 00000058 F04F 0100       MOV              R1, #0x00   ;Colocar 0 no regis
                                                            trador para selecio
                                                            nar o modo GPIO
  143 0000005C 4844            LDR              R0, =GPIO_PORTJ_AHB_PCTL_J ;Car
                                                            rega o R0 com o end
                                                            ereço do PCTL para 
                                                            a porta J
  144 0000005E 6001            STR              R1, [R0]    ;Guarda no registra
                                                            dor PCTL da porta J
                                                             da memória
  145 00000060 4844            LDR              R0, =GPIO_PORTF_AHB_PCTL_F ;Car
                                                            rega o R0 com o end
                                                            ereço do PCTL para 
                                                            a porta F
  146 00000062 6001            STR              R1, [R0]    ;Guarda no registra
                                                            dor PCTL da porta F
                                                             da memória
  147 00000064 4844            LDR              R0, =GPIO_PORTA_AHB_PCTL_A ;Car
                                                            rega o R0 com o end
                                                            ereço do PCTL para 
                                                            a porta A
  148 00000066 6001            STR              R1, [R0]    ;Guarda no registra
                                                            dor PCTL da porta F
                                                             da memória
  149 00000068 4844            LDR              R0, =GPIO_PORTQ_AHB_PCTL_Q ;Car
                                                            rega o R0 com o end
                                                            ereço do PCTL para 
                                                            a porta Q
  150 0000006A 6001            STR              R1, [R0]    ;Guarda no registra
                                                            dor PCTL da porta F
                                                             da memória
  151 0000006C 4844            LDR              R0, =GPIO_PORTP_AHB_PCTL_P ;Car
                                                            rega o R0 com o end
                                                            ereço do PCTL para 
                                                            a porta P
  152 0000006E 6001            STR              R1, [R0]    ;Guarda no registra
                                                            dor PCTL da porta F
                                                             da memória
  153 00000070 4844            LDR              R0, =GPIO_PORTB_AHB_PCTL_B ;Car
                                                            rega o R0 com o end
                                                            ereço do PCTL para 
                                                            a porta B
  154 00000072 6001            STR              R1, [R0]    ;Guarda no registra
                                                            dor PCTL da porta F
                                                             da memória
  155 00000074         
  156 00000074         ; 4. DIR para 0 se for entrada, 1 se for saída
  157 00000074 4844            LDR              R0, =GPIO_PORTF_AHB_DIR_F ;Carr
                                                            ega o R0 com o ende
                                                            reço do DIR para a 
                                                            porta F
  158 00000076 F04F 0111       MOV              R1, #2_00010001 
                                                            ;PF4 & PF0 para LED



ARM Macro Assembler    Page 8 


                                                            
  159 0000007A 6001            STR              R1, [R0]    ;Guarda no registra
                                                            dor
  160 0000007C 4843            LDR              R0, =GPIO_PORTA_AHB_DIR_A ;Carr
                                                            ega o R0 com o ende
                                                            reço do DIR para a 
                                                            porta A
  161 0000007E F04F 01F0       MOV              R1, #2_11110000 
                                                            ;PA4 a PA7 para LED
                                                            
  162 00000082 6001            STR              R1, [R0]    ;Guarda no registra
                                                            dor
  163 00000084 4842            LDR              R0, =GPIO_PORTQ_AHB_DIR_Q ;Carr
                                                            ega o R0 com o ende
                                                            reço do DIR para a 
                                                            porta Q
  164 00000086 F04F 010F       MOV              R1, #2_00001111 
                                                            ;PQ0 a PQ3 para LED
                                                            
  165 0000008A 6001            STR              R1, [R0]    ;Guarda no registra
                                                            dor
  166 0000008C 4841            LDR              R0, =GPIO_PORTP_AHB_DIR_P ;Carr
                                                            ega o R0 com o ende
                                                            reço do DIR para a 
                                                            porta P
  167 0000008E F04F 0120       MOV              R1, #2_00100000 ;PP5 para LED
  168 00000092 6001            STR              R1, [R0]    ;Guarda no registra
                                                            dor
  169 00000094 4840            LDR              R0, =GPIO_PORTB_AHB_DIR_B ;Carr
                                                            ega o R0 com o ende
                                                            reço do DIR para a 
                                                            porta B
  170 00000096 F04F 0130       MOV              R1, #2_00110000 
                                                            ;PB4 & PB5 para LED
                                                            
  171 0000009A 6001            STR              R1, [R0]    ;Guarda no registra
                                                            dor
  172 0000009C         ; O certo era verificar os outros bits da PF para não tr
                       ansformar entradas em saídas desnecessárias
  173 0000009C 483F            LDR              R0, =GPIO_PORTJ_AHB_DIR_J ;Carr
                                                            ega o R0 com o ende
                                                            reço do DIR para a 
                                                            porta J
  174 0000009E F04F 0100       MOV              R1, #0x00   ;Colocar 0 no regis
                                                            trador DIR para fun
                                                            cionar com saída
  175 000000A2 6001            STR              R1, [R0]    ;Guarda no registra
                                                            dor PCTL da porta J
                                                             da memória
  176 000000A4         ; 5. Limpar os bits AFSEL para 0 para selecionar GPIO 
  177 000000A4         ;    Sem função alternativa
  178 000000A4 F04F 0100       MOV              R1, #0x00   ;Colocar o valor 0 
                                                            para não setar funç
                                                            ão alternativa
  179 000000A8 483D            LDR              R0, =GPIO_PORTF_AHB_AFSEL_F ;Ca
                                                            rrega o endereço do
                                                             AFSEL da porta F
  180 000000AA 6001            STR              R1, [R0]    ;Escreve na porta
  181 000000AC 483D            LDR              R0, =GPIO_PORTJ_AHB_AFSEL_J ;Ca



ARM Macro Assembler    Page 9 


                                                            rrega o endereço do
                                                             AFSEL da porta J
  182 000000AE 6001            STR              R1, [R0]    ;Escreve na porta
  183 000000B0 483D            LDR              R0, =GPIO_PORTA_AHB_AFSEL_A ;Ca
                                                            rrega o endereço do
                                                             AFSEL da porta A
  184 000000B2 6001            STR              R1, [R0]    ;Escreve na porta
  185 000000B4 483D            LDR              R0, =GPIO_PORTQ_AHB_AFSEL_Q ;Ca
                                                            rrega o endereço do
                                                             AFSEL da porta Q
  186 000000B6 6001            STR              R1, [R0]    ;Escreve na porta
  187 000000B8 483D            LDR              R0, =GPIO_PORTP_AHB_AFSEL_P ;Ca
                                                            rrega o endereço do
                                                             AFSEL da porta P
  188 000000BA 6001            STR              R1, [R0]    ;Escreve na porta
  189 000000BC 483D            LDR              R0, =GPIO_PORTB_AHB_AFSEL_B ;Ca
                                                            rrega o endereço do
                                                             AFSEL da porta B
  190 000000BE 6001            STR              R1, [R0]    ;Escreve na porta
  191 000000C0         
  192 000000C0         ; 6. Setar os bits de DEN para habilitar I/O digital
  193 000000C0 483D            LDR              R0, =GPIO_PORTF_AHB_DEN_F ;Carr
                                                            ega o endereço do D
                                                            EN
  194 000000C2 F04F 0111       MOV              R1, #2_00010001 ;Ativa os pinos
                                                             PF0 e PF4 como I/O
                                                             Digital
  195 000000C6 6001            STR              R1, [R0]    ;Escreve no registr
                                                            ador da memória fun
                                                            cionalidade digital
                                                             
  196 000000C8         
  197 000000C8 483C            LDR              R0, =GPIO_PORTJ_AHB_DEN_J ;Carr
                                                            ega o endereço do D
                                                            EN
  198 000000CA F04F 0103       MOV              R1, #2_00000011 ;Ativa os pinos
                                                             PJ0 e PJ1 como I/O
                                                             Digital      
  199 000000CE 6001            STR              R1, [R0]    ;Escreve no registr
                                                            ador da memória fun
                                                            cionalidade digital
                                                            
  200 000000D0         
  201 000000D0 483B            LDR              R0, =GPIO_PORTA_AHB_DEN_A ;Carr
                                                            ega o endereço do D
                                                            EN
  202 000000D2 F04F 01F0       MOV              R1, #2_11110000 ;Ativa os pinos
                                                             PA4 a PA7 como I/O
                                                             Digital
  203 000000D6 6001            STR              R1, [R0]    ;Escreve no registr
                                                            ador da memória fun
                                                            cionalidade digital
                                                             
  204 000000D8         
  205 000000D8 483A            LDR              R0, =GPIO_PORTQ_AHB_DEN_Q ;Carr
                                                            ega o endereço do D
                                                            EN
  206 000000DA F04F 010F       MOV              R1, #2_00001111 ;Ativa os pinos
                                                             PQ0 a PQ3 como I/O



ARM Macro Assembler    Page 10 


                                                             Digital
  207 000000DE 6001            STR              R1, [R0]    ;Escreve no registr
                                                            ador da memória fun
                                                            cionalidade digital
                                                             
  208 000000E0         
  209 000000E0 4839            LDR              R0, =GPIO_PORTP_AHB_DEN_P ;Carr
                                                            ega o endereço do D
                                                            EN
  210 000000E2 F04F 0120       MOV              R1, #2_00100000 ;Ativa o pino P
                                                            P5 como I/O Digital
                                                            
  211 000000E6 6001            STR              R1, [R0]    ;Escreve no registr
                                                            ador da memória fun
                                                            cionalidade digital
                                                             
  212 000000E8         
  213 000000E8 4838            LDR              R0, =GPIO_PORTB_AHB_DEN_B ;Carr
                                                            ega o endereço do D
                                                            EN
  214 000000EA F04F 0130       MOV              R1, #2_00110000 ;Ativa os pinos
                                                             PB4 e PB5 como I/O
                                                             Digital
  215 000000EE 6001            STR              R1, [R0]    ;Escreve no registr
                                                            ador da memória fun
                                                            cionalidade digital
                                                             
  216 000000F0         
  217 000000F0         ; 7. Para habilitar resistor de pull-up interno, setar P
                       UR para 1
  218 000000F0 4837            LDR              R0, =GPIO_PORTJ_AHB_PUR_J ;Carr
                                                            ega o endereço do P
                                                            UR para a porta J
  219 000000F2 F04F 0103       MOV              R1, #2_00000011 ;Habilitar func
                                                            ionalidade digital 
                                                            de resistor de pull
                                                            -up 
  220 000000F6         ;nos bits 0 e 1
  221 000000F6 6001            STR              R1, [R0]    ;Escreve no registr
                                                            ador da memória do 
                                                            resistor de pull-up
                                                            
  222 000000F8         
  223 000000F8         ;retorno            
  224 000000F8 4770            BX               LR
  225 000000FA         
  226 000000FA         ; ------------------------------------------------------
                       -------------------------
  227 000000FA         ; Função PortF_Output
  228 000000FA         ; Parâmetro de entrada: R0 --> se os BIT4 e BIT0 estão l
                       igado ou desligado
  229 000000FA         ; Parâmetro de saída: Não tem
  230 000000FA         PortF_Output
  231 000000FA 4936            LDR              R1, =GPIO_PORTF_AHB_DATA_F ;Car
                                                            rega o valor do off
                                                            set do data registe
                                                            r
  232 000000FC         ;Read-Modify-Write para escrita
  233 000000FC 680A            LDR              R2, [R1]



ARM Macro Assembler    Page 11 


  234 000000FE F022 0211       BIC              R2, #2_00010001 ;Primeiro limpa
                                                            mos os dois bits do
                                                             lido da porta R2 =
                                                             R2 & 11101110
  235 00000102 EA40 0002       ORR              R0, R0, R2  ;Fazer o OR do lido
                                                             pela porta com o p
                                                            arâmetro de entrada
                                                            
  236 00000106 6008            STR              R0, [R1]    ;Escreve na porta F
                                                             o barramento de da
                                                            dos dos pinos F4 e 
                                                            F0
  237 00000108 4770            BX               LR          ;Retorno
  238 0000010A         
  239 0000010A         ; ------------------------------------------------------
                       ------------------------- A
  240 0000010A         ; Função PortA_Output
  241 0000010A         ; Parâmetro de entrada: R0 --> se os BIT4 e BIT0 estão l
                       igado ou desligado
  242 0000010A         ; Parâmetro de saída: Não tem
  243 0000010A         PortA_Output
  244 0000010A 4933            LDR              R1, =GPIO_PORTA_AHB_DATA_A ;Car
                                                            rega o valor do off
                                                            set do data registe
                                                            r
  245 0000010C         ;Read-Modify-Write para escrita
  246 0000010C 680A            LDR              R2, [R1]
  247 0000010E F022 02F0       BIC              R2, #2_11110000 ;Primeiro limpa
                                                            mos os dois bits do
                                                             lido da porta R2 =
                                                             R2 & 11101110
  248 00000112 EA40 0002       ORR              R0, R0, R2  ;Fazer o OR do lido
                                                             pela porta com o p
                                                            arâmetro de entrada
                                                            
  249 00000116 6008            STR              R0, [R1]    ;Escreve na porta A
                                                             o barramento de da
                                                            dos dos pinos 
  250 00000118 4770            BX               LR          ;Retorno
  251 0000011A         
  252 0000011A         ; ------------------------------------------------------
                       ------------------------- Q
  253 0000011A         ; Função PortQ_Output
  254 0000011A         ; Parâmetro de entrada: R0 --> se os BIT4 e BIT0 estão l
                       igado ou desligado
  255 0000011A         ; Parâmetro de saída: Não tem
  256 0000011A         PortQ_Output
  257 0000011A 4930            LDR              R1, =GPIO_PORTQ_AHB_DATA_Q ;Car
                                                            rega o valor do off
                                                            set do data registe
                                                            r
  258 0000011C         ;Read-Modify-Write para escrita
  259 0000011C 680A            LDR              R2, [R1]
  260 0000011E F022 020F       BIC              R2, #2_00001111 ;Primeiro limpa
                                                            mos os dois bits do
                                                             lido da porta R2 =
                                                             R2 & 11101110
  261 00000122 EA40 0002       ORR              R0, R0, R2  ;Fazer o OR do lido
                                                             pela porta com o p



ARM Macro Assembler    Page 12 


                                                            arâmetro de entrada
                                                            
  262 00000126 6008            STR              R0, [R1]    ;Escreve na porta Q
                                                             o barramento de da
                                                            dos dos pinos 
  263 00000128 4770            BX               LR          ;Retorno
  264 0000012A         
  265 0000012A         ; ------------------------------------------------------
                       ------------------------- P
  266 0000012A         ; Função PortP_Output
  267 0000012A         ; Parâmetro de entrada: R0 --> se os BIT4 e BIT0 estão l
                       igado ou desligado
  268 0000012A         ; Parâmetro de saída: Não tem
  269 0000012A         PortP_Output
  270 0000012A 492D            LDR              R1, =GPIO_PORTP_AHB_DATA_P ;Car
                                                            rega o valor do off
                                                            set do data registe
                                                            r
  271 0000012C         ;Read-Modify-Write para escrita
  272 0000012C 680A            LDR              R2, [R1]
  273 0000012E F022 0220       BIC              R2, #2_00100000 ;Primeiro limpa
                                                            mos os dois bits do
                                                             lido da porta R2 =
                                                             R2 & 11101110
  274 00000132 EA40 0002       ORR              R0, R0, R2  ;Fazer o OR do lido
                                                             pela porta com o p
                                                            arâmetro de entrada
                                                            
  275 00000136 6008            STR              R0, [R1]    ;Escreve na porta P
                                                             o barramento de da
                                                            dos dos pinos 
  276 00000138 4770            BX               LR          ;Retorno
  277 0000013A         ; ------------------------------------------------------
                       ------------------------- B
  278 0000013A         ; Função PortB_Output
  279 0000013A         ; Parâmetro de entrada: R0 --> se os BIT4 e BIT0 estão l
                       igado ou desligado
  280 0000013A         ; Parâmetro de saída: Não tem
  281 0000013A         PortB_Output
  282 0000013A 492A            LDR              R1, =GPIO_PORTB_AHB_DATA_B ;Car
                                                            rega o valor do off
                                                            set do data registe
                                                            r
  283 0000013C         ;Read-Modify-Write para escrita
  284 0000013C 680A            LDR              R2, [R1]
  285 0000013E F022 0230       BIC              R2, #2_00110000 ;Primeiro limpa
                                                            mos os dois bits do
                                                             lido da porta R2 =
                                                             R2 & 11101110
  286 00000142 EA40 0002       ORR              R0, R0, R2  ;Fazer o OR do lido
                                                             pela porta com o p
                                                            arâmetro de entrada
                                                            
  287 00000146 6008            STR              R0, [R1]    ;Escreve na porta B
                                                             o barramento de da
                                                            dos dos pinos 
  288 00000148 4770            BX               LR          ;Retorno
  289 0000014A         
  290 0000014A         ; ------------------------------------------------------



ARM Macro Assembler    Page 13 


                       -------------------------
  291 0000014A         ; Função PortJ_Input
  292 0000014A         ; Parâmetro de entrada: Não tem
  293 0000014A         ; Parâmetro de saída: R0 --> o valor da leitura
  294 0000014A         PortJ_Input
  295 0000014A 4927            LDR              R1, =GPIO_PORTJ_AHB_DATA_J ;Car
                                                            rega o valor do off
                                                            set do data registe
                                                            r
  296 0000014C 6808            LDR              R0, [R1]    ;Lê no barramento d
                                                            e dados dos pinos [
                                                            J1-J0]
  297 0000014E 4770            BX               LR          ;Retorno
  298 00000150         ;USR_SW1 USR_SW2 GPIO botão 
  299 00000150         
  300 00000150         
  301 00000150                 ALIGN                        ; garante que o fim
                                                             da seção está alin
                                                            hada 
  302 00000150                 END                          ; fim do arquivo
              400FE608 
              400FEA08 
              40060528 
              4005D528 
              40058528 
              40066528 
              40065528 
              40059528 
              4006052C 
              4005D52C 
              4005852C 
              4006652C 
              4006552C 
              4005952C 
              4005D400 
              40058400 
              40066400 
              40065400 
              40059400 
              40060400 
              4005D420 
              40060420 
              40058420 
              40066420 
              40065420 
              40059420 
              4005D51C 
              4006051C 
              4005851C 
              4006651C 
              4006551C 
              4005951C 
              40060510 
              4005D3FC 
              400583FC 
              400663FC 
              400653FC 
              400593FC 
              400603FC 



ARM Macro Assembler    Page 14 


Command Line: --debug --xref --diag_suppress=9931 --cpu=Cortex-M4.fp --apcs=int
erwork --depend=.\objects\gpio.d -o.\objects\gpio.o -IC:\Users\DAELN\Downloads\
lab1\lab1\RTE -IC:\Keil_v5\ARM\PACK\Keil\TM4C_DFP\1.1.0\Device\Include\TM4C129 
-IC:\Keil_v5\ARM\CMSIS\Include --predefine="__EVAL SETA 1" --predefine="__UVISI
ON_VERSION SETA 518" --predefine="TM4C1294NCPDT SETA 1" --list=.\listings\gpio.
lst gpio.s



ARM Macro Assembler    Page 1 Alphabetic symbol ordering
Relocatable symbols

.text 00000000

Symbol: .text
   Definitions
      At line 82 in file gpio.s
   Uses
      None
Comment: .text unused
EsperaGPIO 0000001E

Symbol: EsperaGPIO
   Definitions
      At line 116 in file gpio.s
   Uses
      At line 124 in file gpio.s
Comment: EsperaGPIO used once
GPIO_Init 00000000

Symbol: GPIO_Init
   Definitions
      At line 101 in file gpio.s
   Uses
      At line 85 in file gpio.s
Comment: GPIO_Init used once
PortA_Output 0000010A

Symbol: PortA_Output
   Definitions
      At line 243 in file gpio.s
   Uses
      At line 88 in file gpio.s
Comment: PortA_Output used once
PortB_Output 0000013A

Symbol: PortB_Output
   Definitions
      At line 281 in file gpio.s
   Uses
      At line 91 in file gpio.s
Comment: PortB_Output used once
PortF_Output 000000FA

Symbol: PortF_Output
   Definitions
      At line 230 in file gpio.s
   Uses
      At line 86 in file gpio.s
Comment: PortF_Output used once
PortJ_Input 0000014A

Symbol: PortJ_Input
   Definitions
      At line 294 in file gpio.s
   Uses
      At line 87 in file gpio.s
Comment: PortJ_Input used once
PortP_Output 0000012A

Symbol: PortP_Output



ARM Macro Assembler    Page 2 Alphabetic symbol ordering
Relocatable symbols

   Definitions
      At line 269 in file gpio.s
   Uses
      At line 90 in file gpio.s
Comment: PortP_Output used once
PortQ_Output 0000011A

Symbol: PortQ_Output
   Definitions
      At line 256 in file gpio.s
   Uses
      At line 89 in file gpio.s
Comment: PortQ_Output used once
9 symbols



ARM Macro Assembler    Page 1 Alphabetic symbol ordering
Absolute symbols

GPIO_PORTA 00000001

Symbol: GPIO_PORTA
   Definitions
      At line 44 in file gpio.s
   Uses
      At line 109 in file gpio.s
      At line 119 in file gpio.s

GPIO_PORTA_AHB_AFSEL_A 40058420

Symbol: GPIO_PORTA_AHB_AFSEL_A
   Definitions
      At line 40 in file gpio.s
   Uses
      At line 183 in file gpio.s
Comment: GPIO_PORTA_AHB_AFSEL_A used once
GPIO_PORTA_AHB_AMSEL_A 40058528

Symbol: GPIO_PORTA_AHB_AMSEL_A
   Definitions
      At line 37 in file gpio.s
   Uses
      At line 132 in file gpio.s
Comment: GPIO_PORTA_AHB_AMSEL_A used once
GPIO_PORTA_AHB_CR_A 40058524

Symbol: GPIO_PORTA_AHB_CR_A
   Definitions
      At line 36 in file gpio.s
   Uses
      None
Comment: GPIO_PORTA_AHB_CR_A unused
GPIO_PORTA_AHB_DATA_A 400583FC

Symbol: GPIO_PORTA_AHB_DATA_A
   Definitions
      At line 43 in file gpio.s
   Uses
      At line 92 in file gpio.s
      At line 244 in file gpio.s

GPIO_PORTA_AHB_DEN_A 4005851C

Symbol: GPIO_PORTA_AHB_DEN_A
   Definitions
      At line 41 in file gpio.s
   Uses
      At line 201 in file gpio.s
Comment: GPIO_PORTA_AHB_DEN_A used once
GPIO_PORTA_AHB_DIR_A 40058400

Symbol: GPIO_PORTA_AHB_DIR_A
   Definitions
      At line 39 in file gpio.s
   Uses
      At line 160 in file gpio.s
Comment: GPIO_PORTA_AHB_DIR_A used once
GPIO_PORTA_AHB_LOCK_A 40058520



ARM Macro Assembler    Page 2 Alphabetic symbol ordering
Absolute symbols


Symbol: GPIO_PORTA_AHB_LOCK_A
   Definitions
      At line 35 in file gpio.s
   Uses
      None
Comment: GPIO_PORTA_AHB_LOCK_A unused
GPIO_PORTA_AHB_PCTL_A 4005852C

Symbol: GPIO_PORTA_AHB_PCTL_A
   Definitions
      At line 38 in file gpio.s
   Uses
      At line 147 in file gpio.s
Comment: GPIO_PORTA_AHB_PCTL_A used once
GPIO_PORTA_AHB_PUR_A 40058510

Symbol: GPIO_PORTA_AHB_PUR_A
   Definitions
      At line 42 in file gpio.s
   Uses
      None
Comment: GPIO_PORTA_AHB_PUR_A unused
GPIO_PORTB 00000002

Symbol: GPIO_PORTB
   Definitions
      At line 77 in file gpio.s
   Uses
      At line 112 in file gpio.s
      At line 122 in file gpio.s

GPIO_PORTB_AHB_AFSEL_B 40059420

Symbol: GPIO_PORTB_AHB_AFSEL_B
   Definitions
      At line 73 in file gpio.s
   Uses
      At line 189 in file gpio.s
Comment: GPIO_PORTB_AHB_AFSEL_B used once
GPIO_PORTB_AHB_AMSEL_B 40059528

Symbol: GPIO_PORTB_AHB_AMSEL_B
   Definitions
      At line 70 in file gpio.s
   Uses
      At line 138 in file gpio.s
Comment: GPIO_PORTB_AHB_AMSEL_B used once
GPIO_PORTB_AHB_CR_B 40059524

Symbol: GPIO_PORTB_AHB_CR_B
   Definitions
      At line 69 in file gpio.s
   Uses
      None
Comment: GPIO_PORTB_AHB_CR_B unused
GPIO_PORTB_AHB_DATA_B 400593FC

Symbol: GPIO_PORTB_AHB_DATA_B



ARM Macro Assembler    Page 3 Alphabetic symbol ordering
Absolute symbols

   Definitions
      At line 76 in file gpio.s
   Uses
      At line 95 in file gpio.s
      At line 282 in file gpio.s

GPIO_PORTB_AHB_DEN_B 4005951C

Symbol: GPIO_PORTB_AHB_DEN_B
   Definitions
      At line 74 in file gpio.s
   Uses
      At line 213 in file gpio.s
Comment: GPIO_PORTB_AHB_DEN_B used once
GPIO_PORTB_AHB_DIR_B 40059400

Symbol: GPIO_PORTB_AHB_DIR_B
   Definitions
      At line 72 in file gpio.s
   Uses
      At line 169 in file gpio.s
Comment: GPIO_PORTB_AHB_DIR_B used once
GPIO_PORTB_AHB_LOCK_B 40059520

Symbol: GPIO_PORTB_AHB_LOCK_B
   Definitions
      At line 68 in file gpio.s
   Uses
      None
Comment: GPIO_PORTB_AHB_LOCK_B unused
GPIO_PORTB_AHB_PCTL_B 4005952C

Symbol: GPIO_PORTB_AHB_PCTL_B
   Definitions
      At line 71 in file gpio.s
   Uses
      At line 153 in file gpio.s
Comment: GPIO_PORTB_AHB_PCTL_B used once
GPIO_PORTB_AHB_PUR_B 40059510

Symbol: GPIO_PORTB_AHB_PUR_B
   Definitions
      At line 75 in file gpio.s
   Uses
      None
Comment: GPIO_PORTB_AHB_PUR_B unused
GPIO_PORTF 00000020

Symbol: GPIO_PORTF
   Definitions
      At line 33 in file gpio.s
   Uses
      At line 107 in file gpio.s
      At line 117 in file gpio.s

GPIO_PORTF_AHB_AFSEL_F 4005D420

Symbol: GPIO_PORTF_AHB_AFSEL_F
   Definitions



ARM Macro Assembler    Page 4 Alphabetic symbol ordering
Absolute symbols

      At line 29 in file gpio.s
   Uses
      At line 179 in file gpio.s
Comment: GPIO_PORTF_AHB_AFSEL_F used once
GPIO_PORTF_AHB_AMSEL_F 4005D528

Symbol: GPIO_PORTF_AHB_AMSEL_F
   Definitions
      At line 26 in file gpio.s
   Uses
      At line 130 in file gpio.s
Comment: GPIO_PORTF_AHB_AMSEL_F used once
GPIO_PORTF_AHB_CR_F 4005D524

Symbol: GPIO_PORTF_AHB_CR_F
   Definitions
      At line 25 in file gpio.s
   Uses
      None
Comment: GPIO_PORTF_AHB_CR_F unused
GPIO_PORTF_AHB_DATA_F 4005D3FC

Symbol: GPIO_PORTF_AHB_DATA_F
   Definitions
      At line 32 in file gpio.s
   Uses
      At line 231 in file gpio.s
Comment: GPIO_PORTF_AHB_DATA_F used once
GPIO_PORTF_AHB_DEN_F 4005D51C

Symbol: GPIO_PORTF_AHB_DEN_F
   Definitions
      At line 30 in file gpio.s
   Uses
      At line 193 in file gpio.s
Comment: GPIO_PORTF_AHB_DEN_F used once
GPIO_PORTF_AHB_DIR_F 4005D400

Symbol: GPIO_PORTF_AHB_DIR_F
   Definitions
      At line 28 in file gpio.s
   Uses
      At line 157 in file gpio.s
Comment: GPIO_PORTF_AHB_DIR_F used once
GPIO_PORTF_AHB_LOCK_F 4005D520

Symbol: GPIO_PORTF_AHB_LOCK_F
   Definitions
      At line 24 in file gpio.s
   Uses
      None
Comment: GPIO_PORTF_AHB_LOCK_F unused
GPIO_PORTF_AHB_PCTL_F 4005D52C

Symbol: GPIO_PORTF_AHB_PCTL_F
   Definitions
      At line 27 in file gpio.s
   Uses
      At line 145 in file gpio.s



ARM Macro Assembler    Page 5 Alphabetic symbol ordering
Absolute symbols

Comment: GPIO_PORTF_AHB_PCTL_F used once
GPIO_PORTF_AHB_PUR_F 4005D510

Symbol: GPIO_PORTF_AHB_PUR_F
   Definitions
      At line 31 in file gpio.s
   Uses
      None
Comment: GPIO_PORTF_AHB_PUR_F unused
GPIO_PORTJ 00000100

Symbol: GPIO_PORTJ
   Definitions
      At line 22 in file gpio.s
   Uses
      At line 108 in file gpio.s
      At line 118 in file gpio.s

GPIO_PORTJ_AHB_AFSEL_J 40060420

Symbol: GPIO_PORTJ_AHB_AFSEL_J
   Definitions
      At line 18 in file gpio.s
   Uses
      At line 181 in file gpio.s
Comment: GPIO_PORTJ_AHB_AFSEL_J used once
GPIO_PORTJ_AHB_AMSEL_J 40060528

Symbol: GPIO_PORTJ_AHB_AMSEL_J
   Definitions
      At line 15 in file gpio.s
   Uses
      At line 128 in file gpio.s
Comment: GPIO_PORTJ_AHB_AMSEL_J used once
GPIO_PORTJ_AHB_CR_J 40060524

Symbol: GPIO_PORTJ_AHB_CR_J
   Definitions
      At line 14 in file gpio.s
   Uses
      None
Comment: GPIO_PORTJ_AHB_CR_J unused
GPIO_PORTJ_AHB_DATA_J 400603FC

Symbol: GPIO_PORTJ_AHB_DATA_J
   Definitions
      At line 21 in file gpio.s
   Uses
      At line 295 in file gpio.s
Comment: GPIO_PORTJ_AHB_DATA_J used once
GPIO_PORTJ_AHB_DEN_J 4006051C

Symbol: GPIO_PORTJ_AHB_DEN_J
   Definitions
      At line 19 in file gpio.s
   Uses
      At line 197 in file gpio.s
Comment: GPIO_PORTJ_AHB_DEN_J used once
GPIO_PORTJ_AHB_DIR_J 40060400



ARM Macro Assembler    Page 6 Alphabetic symbol ordering
Absolute symbols


Symbol: GPIO_PORTJ_AHB_DIR_J
   Definitions
      At line 17 in file gpio.s
   Uses
      At line 173 in file gpio.s
Comment: GPIO_PORTJ_AHB_DIR_J used once
GPIO_PORTJ_AHB_LOCK_J 40060520

Symbol: GPIO_PORTJ_AHB_LOCK_J
   Definitions
      At line 13 in file gpio.s
   Uses
      None
Comment: GPIO_PORTJ_AHB_LOCK_J unused
GPIO_PORTJ_AHB_PCTL_J 4006052C

Symbol: GPIO_PORTJ_AHB_PCTL_J
   Definitions
      At line 16 in file gpio.s
   Uses
      At line 143 in file gpio.s
Comment: GPIO_PORTJ_AHB_PCTL_J used once
GPIO_PORTJ_AHB_PUR_J 40060510

Symbol: GPIO_PORTJ_AHB_PUR_J
   Definitions
      At line 20 in file gpio.s
   Uses
      At line 218 in file gpio.s
Comment: GPIO_PORTJ_AHB_PUR_J used once
GPIO_PORTP 00002000

Symbol: GPIO_PORTP
   Definitions
      At line 66 in file gpio.s
   Uses
      At line 111 in file gpio.s
      At line 121 in file gpio.s

GPIO_PORTP_AHB_AFSEL_P 40065420

Symbol: GPIO_PORTP_AHB_AFSEL_P
   Definitions
      At line 62 in file gpio.s
   Uses
      At line 187 in file gpio.s
Comment: GPIO_PORTP_AHB_AFSEL_P used once
GPIO_PORTP_AHB_AMSEL_P 40065528

Symbol: GPIO_PORTP_AHB_AMSEL_P
   Definitions
      At line 59 in file gpio.s
   Uses
      At line 136 in file gpio.s
Comment: GPIO_PORTP_AHB_AMSEL_P used once
GPIO_PORTP_AHB_CR_P 40065524

Symbol: GPIO_PORTP_AHB_CR_P



ARM Macro Assembler    Page 7 Alphabetic symbol ordering
Absolute symbols

   Definitions
      At line 58 in file gpio.s
   Uses
      None
Comment: GPIO_PORTP_AHB_CR_P unused
GPIO_PORTP_AHB_DATA_P 400653FC

Symbol: GPIO_PORTP_AHB_DATA_P
   Definitions
      At line 65 in file gpio.s
   Uses
      At line 94 in file gpio.s
      At line 270 in file gpio.s

GPIO_PORTP_AHB_DEN_P 4006551C

Symbol: GPIO_PORTP_AHB_DEN_P
   Definitions
      At line 63 in file gpio.s
   Uses
      At line 209 in file gpio.s
Comment: GPIO_PORTP_AHB_DEN_P used once
GPIO_PORTP_AHB_DIR_P 40065400

Symbol: GPIO_PORTP_AHB_DIR_P
   Definitions
      At line 61 in file gpio.s
   Uses
      At line 166 in file gpio.s
Comment: GPIO_PORTP_AHB_DIR_P used once
GPIO_PORTP_AHB_LOCK_P 40065520

Symbol: GPIO_PORTP_AHB_LOCK_P
   Definitions
      At line 57 in file gpio.s
   Uses
      None
Comment: GPIO_PORTP_AHB_LOCK_P unused
GPIO_PORTP_AHB_PCTL_P 4006552C

Symbol: GPIO_PORTP_AHB_PCTL_P
   Definitions
      At line 60 in file gpio.s
   Uses
      At line 151 in file gpio.s
Comment: GPIO_PORTP_AHB_PCTL_P used once
GPIO_PORTP_AHB_PUR_P 40065510

Symbol: GPIO_PORTP_AHB_PUR_P
   Definitions
      At line 64 in file gpio.s
   Uses
      None
Comment: GPIO_PORTP_AHB_PUR_P unused
GPIO_PORTQ 00004000

Symbol: GPIO_PORTQ
   Definitions
      At line 55 in file gpio.s



ARM Macro Assembler    Page 8 Alphabetic symbol ordering
Absolute symbols

   Uses
      At line 110 in file gpio.s
      At line 120 in file gpio.s

GPIO_PORTQ_AHB_AFSEL_Q 40066420

Symbol: GPIO_PORTQ_AHB_AFSEL_Q
   Definitions
      At line 51 in file gpio.s
   Uses
      At line 185 in file gpio.s
Comment: GPIO_PORTQ_AHB_AFSEL_Q used once
GPIO_PORTQ_AHB_AMSEL_Q 40066528

Symbol: GPIO_PORTQ_AHB_AMSEL_Q
   Definitions
      At line 48 in file gpio.s
   Uses
      At line 134 in file gpio.s
Comment: GPIO_PORTQ_AHB_AMSEL_Q used once
GPIO_PORTQ_AHB_CR_Q 40066524

Symbol: GPIO_PORTQ_AHB_CR_Q
   Definitions
      At line 47 in file gpio.s
   Uses
      None
Comment: GPIO_PORTQ_AHB_CR_Q unused
GPIO_PORTQ_AHB_DATA_Q 400663FC

Symbol: GPIO_PORTQ_AHB_DATA_Q
   Definitions
      At line 54 in file gpio.s
   Uses
      At line 93 in file gpio.s
      At line 257 in file gpio.s

GPIO_PORTQ_AHB_DEN_Q 4006651C

Symbol: GPIO_PORTQ_AHB_DEN_Q
   Definitions
      At line 52 in file gpio.s
   Uses
      At line 205 in file gpio.s
Comment: GPIO_PORTQ_AHB_DEN_Q used once
GPIO_PORTQ_AHB_DIR_Q 40066400

Symbol: GPIO_PORTQ_AHB_DIR_Q
   Definitions
      At line 50 in file gpio.s
   Uses
      At line 163 in file gpio.s
Comment: GPIO_PORTQ_AHB_DIR_Q used once
GPIO_PORTQ_AHB_LOCK_Q 40066520

Symbol: GPIO_PORTQ_AHB_LOCK_Q
   Definitions
      At line 46 in file gpio.s
   Uses



ARM Macro Assembler    Page 9 Alphabetic symbol ordering
Absolute symbols

      None
Comment: GPIO_PORTQ_AHB_LOCK_Q unused
GPIO_PORTQ_AHB_PCTL_Q 4006652C

Symbol: GPIO_PORTQ_AHB_PCTL_Q
   Definitions
      At line 49 in file gpio.s
   Uses
      At line 149 in file gpio.s
Comment: GPIO_PORTQ_AHB_PCTL_Q used once
GPIO_PORTQ_AHB_PUR_Q 40066510

Symbol: GPIO_PORTQ_AHB_PUR_Q
   Definitions
      At line 53 in file gpio.s
   Uses
      None
Comment: GPIO_PORTQ_AHB_PUR_Q unused
SYSCTL_PRGPIO_R 400FEA08

Symbol: SYSCTL_PRGPIO_R
   Definitions
      At line 9 in file gpio.s
   Uses
      At line 115 in file gpio.s
Comment: SYSCTL_PRGPIO_R used once
SYSCTL_RCGCGPIO_R 400FE608

Symbol: SYSCTL_RCGCGPIO_R
   Definitions
      At line 8 in file gpio.s
   Uses
      At line 106 in file gpio.s
Comment: SYSCTL_RCGCGPIO_R used once
62 symbols
407 symbols in table
